2021-11-04 12:06:26.709962 排程開始
2021-11-04 12:06:30.931681 資料爬取成功
2021-11-04 12:06:30.931712 計算五線譜
開始判讀第 0 個，代號 1101.TW
開始判讀第 1 個，代號 1102.TW
開始判讀第 2 個，代號 1103.TW
開始判讀第 3 個，代號 1104.TW
開始判讀第 4 個，代號 1201.TW
開始判讀第 5 個，代號 1203.TW
開始判讀第 6 個，代號 1210.TW
開始判讀第 7 個，代號 1215.TW
開始判讀第 8 個，代號 1216.TW
開始判讀第 9 個，代號 1219.TW
開始判讀第 10 個，代號 1220.TW
開始判讀第 11 個，代號 1225.TW
開始判讀第 12 個，代號 1233.TW
開始判讀第 13 個，代號 1236.TW
開始判讀第 14 個，代號 1301.TW
開始判讀第 15 個，代號 1303.TW
開始判讀第 16 個，代號 1304.TW
開始判讀第 17 個，代號 1305.TW
開始判讀第 18 個，代號 1307.TW
開始判讀第 19 個，代號 1308.TW
開始判讀第 20 個，代號 1309.TW
開始判讀第 21 個，代號 1310.TW
開始判讀第 22 個，代號 1312.TW
開始判讀第 23 個，代號 1313.TW
開始判讀第 24 個，代號 1315.TW
開始判讀第 25 個，代號 1319.TW
開始判讀第 26 個，代號 1325.TW
開始判讀第 27 個，代號 1326.TW
開始判讀第 28 個，代號 1402.TW
開始判讀第 29 個，代號 1409.TW
開始判讀第 30 個，代號 1410.TW
開始判讀第 31 個，代號 1414.TW
開始判讀第 32 個，代號 1416.TW
開始判讀第 33 個，代號 1417.TW
開始判讀第 34 個，代號 1419.TW
開始判讀第 35 個，代號 1423.TW
開始判讀第 36 個，代號 1434.TW
開始判讀第 37 個，代號 1445.TW
開始判讀第 38 個，代號 1451.TW
開始判讀第 39 個，代號 1452.TW
開始判讀第 40 個，代號 1454.TW
開始判讀第 41 個，代號 1457.TW
開始判讀第 42 個，代號 1464.TW
開始判讀第 43 個，代號 1474.TW
開始判讀第 44 個，代號 1504.TW
開始判讀第 45 個，代號 1507.TW
開始判讀第 46 個，代號 1513.TW
開始判讀第 47 個，代號 1514.TW
開始判讀第 48 個，代號 1516.TW
開始判讀第 49 個，代號 1517.TW
開始判讀第 50 個，代號 1522.TW
開始判讀第 51 個，代號 4721.TW
開始判讀第 52 個，代號 1526.TW
開始判讀第 53 個，代號 1527.TW
開始判讀第 54 個，代號 1529.TW
開始判讀第 55 個，代號 1532.TW
開始判讀第 56 個，代號 1535.TW
開始判讀第 57 個，代號 1536.TW
開始判讀第 58 個，代號 1565.TW
開始判讀第 59 個，代號 1604.TW
開始判讀第 60 個，代號 1605.TW
開始判讀第 61 個，代號 1608.TW
開始判讀第 62 個，代號 1609.TW
開始判讀第 63 個，代號 1611.TW
開始判讀第 64 個，代號 1612.TW
開始判讀第 65 個，代號 1618.TW
開始判讀第 66 個，代號 1701.TW
開始判讀第 67 個，代號 1702.TW
開始判讀第 68 個，代號 1707.TW
開始判讀第 69 個，代號 1708.TW
開始判讀第 70 個，代號 1709.TW
開始判讀第 71 個，代號 1711.TW
開始判讀第 72 個，代號 1712.TW
開始判讀第 73 個，代號 1713.TW
開始判讀第 74 個，代號 1714.TW
開始判讀第 75 個，代號 1717.TW
開始判讀第 76 個，代號 1718.TW
開始判讀第 77 個，代號 1721.TW
開始判讀第 78 個，代號 1722.TW
開始判讀第 79 個，代號 1731.TW
開始判讀第 80 個，代號 1734.TW
開始判讀第 81 個，代號 1737.TW
開始判讀第 82 個，代號 1776.TW
開始判讀第 83 個，代號 1777.TW
開始判讀第 84 個，代號 1802.TW
開始判讀第 85 個，代號 1904.TW
開始判讀第 86 個，代號 1906.TW
開始判讀第 87 個，代號 1907.TW
開始判讀第 88 個，代號 1909.TW
開始判讀第 89 個，代號 2002.TW
開始判讀第 90 個，代號 2006.TW
開始判讀第 91 個，代號 2009.TW
開始判讀第 92 個，代號 2012.TW
開始判讀第 93 個，代號 2013.TW
開始判讀第 94 個，代號 2014.TW
開始判讀第 95 個，代號 2015.TW
開始判讀第 96 個，代號 2017.TW
開始判讀第 97 個，代號 2024.TW
開始判讀第 98 個，代號 2029.TW
開始判讀第 99 個，代號 2030.TW
開始判讀第 100 個，代號 2031.TW
開始判讀第 101 個，代號 2032.TW
開始判讀第 102 個，代號 2033.TW
開始判讀第 103 個，代號 2101.TW
開始判讀第 104 個，代號 2102.TW
開始判讀第 105 個，代號 2103.TW
開始判讀第 106 個，代號 2104.TW
開始判讀第 107 個，代號 2105.TW
開始判讀第 108 個，代號 2107.TW
開始判讀第 109 個，代號 2108.TW
開始判讀第 110 個，代號 2109.TW
開始判讀第 111 個，代號 2204.TW
開始判讀第 112 個，代號 2206.TW
開始判讀第 113 個，代號 2227.TW
開始判讀第 114 個，代號 2302.TW
開始判讀第 115 個，代號 2303.TW
開始判讀第 116 個，代號 2312.TW
開始判讀第 117 個，代號 2316.TW
開始判讀第 118 個，代號 2323.TW
開始判讀第 119 個，代號 2324.TW
開始判讀第 120 個，代號 2327.TW
開始判讀第 121 個，代號 2330.TW
開始判讀第 122 個，代號 2332.TW
開始判讀第 123 個，代號 2337.TW
開始判讀第 124 個，代號 2338.TW
開始判讀第 125 個，代號 2340.TW
開始判讀第 126 個，代號 2342.TW
開始判讀第 127 個，代號 2344.TW
開始判讀第 128 個，代號 2348.TW
開始判讀第 129 個，代號 5206.TW
開始判讀第 130 個，代號 2352.TW
開始判讀第 131 個，代號 2353.TW
開始判讀第 132 個，代號 2355.TW
開始判讀第 133 個，代號 2359.TW
開始判讀第 134 個，代號 2362.TW
開始判讀第 135 個，代號 2363.TW
開始判讀第 136 個，代號 2365.TW
開始判讀第 137 個，代號 2368.TW
開始判讀第 138 個，代號 2374.TW
開始判讀第 139 個，代號 2375.TW
開始判讀第 140 個，代號 2376.TW
開始判讀第 141 個，代號 2377.TW
開始判讀第 142 個，代號 2379.TW
開始判讀第 143 個，代號 2383.TW
開始判讀第 144 個，代號 2388.TW
開始判讀第 145 個，代號 2393.TW
開始判讀第 146 個，代號 2401.TW
開始判讀第 147 個，代號 2409.TW
開始判讀第 148 個，代號 2412.TW
開始判讀第 149 個，代號 2414.TW
開始判讀第 150 個，代號 2419.TW
開始判讀第 151 個，代號 2421.TW
開始判讀第 152 個，代號 2425.TW
開始判讀第 153 個，代號 2426.TW
開始判讀第 154 個，代號 2431.TW
開始判讀第 155 個，代號 2436.TW
開始判讀第 156 個，代號 2441.TW
開始判讀第 157 個，代號 2449.TW
開始判讀第 158 個，代號 2454.TW
開始判讀第 159 個，代號 2456.TW
開始判讀第 160 個，代號 2458.TW
開始判讀第 161 個，代號 2459.TW
開始判讀第 162 個，代號 2462.TW
開始判讀第 163 個，代號 2464.TW
開始判讀第 164 個，代號 2467.TW
開始判讀第 165 個，代號 2478.TW
開始判讀第 166 個，代號 2484.TW
開始判讀第 167 個，代號 2491.TW
開始判讀第 168 個，代號 2492.TW
開始判讀第 169 個，代號 2493.TW
開始判讀第 170 個，代號 2504.TW
開始判讀第 171 個，代號 2505.TW
開始判讀第 172 個，代號 2506.TW
開始判讀第 173 個，代號 2511.TW
開始判讀第 174 個，代號 2515.TW
開始判讀第 175 個，代號 2520.TW
開始判讀第 176 個，代號 2527.TW
開始判讀第 177 個，代號 2534.TW
開始判讀第 178 個，代號 2535.TW
開始判讀第 179 個，代號 2542.TW
開始判讀第 180 個，代號 2545.TW
開始判讀第 181 個，代號 2546.TW
開始判讀第 182 個，代號 2547.TW
開始判讀第 183 個，代號 2603.TW
開始判讀第 184 個，代號 2605.TW
開始判讀第 185 個，代號 2606.TW
開始判讀第 186 個，代號 2607.TW
開始判讀第 187 個，代號 2608.TW
開始判讀第 188 個，代號 2612.TW
開始判讀第 189 個，代號 2613.TW
開始判讀第 190 個，代號 2614.TW
開始判讀第 191 個，代號 2615.TW
開始判讀第 192 個，代號 2616.TW
開始判讀第 193 個，代號 2617.TW
開始判讀第 194 個，代號 2630.TW
開始判讀第 195 個，代號 2801.TW
開始判讀第 196 個，代號 2812.TW
開始判讀第 197 個，代號 2816.TW
開始判讀第 198 個，代號 2820.TW
開始判讀第 199 個，代號 2823.TW
開始判讀第 200 個，代號 2832.TW
開始判讀第 201 個，代號 2838.TW
開始判讀第 202 個，代號 2845.TW
開始判讀第 203 個，代號 2849.TW
開始判讀第 204 個，代號 2852.TW
開始判讀第 205 個，代號 2855.TW
開始判讀第 206 個，代號 2880.TW
開始判讀第 207 個，代號 2883.TW
開始判讀第 208 個，代號 2884.TW
開始判讀第 209 個，代號 2885.TW
開始判讀第 210 個，代號 2886.TW
開始判讀第 211 個，代號 2887.TW
開始判讀第 212 個，代號 2888.TW
開始判讀第 213 個，代號 2889.TW
開始判讀第 214 個，代號 2890.TW
開始判讀第 215 個，代號 2891.TW
開始判讀第 216 個，代號 2892.TW
開始判讀第 217 個，代號 2901.TW
開始判讀第 218 個，代號 2903.TW
開始判讀第 219 個，代號 2904.TW
開始判讀第 220 個，代號 2908.TW
開始判讀第 221 個，代號 2915.TW
開始判讀第 222 個，代號 3004.TW
開始判讀第 223 個，代號 3005.TW
開始判讀第 224 個，代號 3006.TW
開始判讀第 225 個，代號 3010.TW
開始判讀第 226 個，代號 3013.TW
開始判讀第 227 個，代號 3016.TW
開始判讀第 228 個，代號 3019.TW
開始判讀第 229 個，代號 3023.TW
開始判讀第 230 個，代號 3024.TW
開始判讀第 231 個，代號 3025.TW
開始判讀第 232 個，代號 3026.TW
開始判讀第 233 個，代號 3029.TW
開始判讀第 234 個，代號 3033.TW
開始判讀第 235 個，代號 3034.TW
開始判讀第 236 個，代號 3035.TW
開始判讀第 237 個，代號 3036.TW
開始判讀第 238 個，代號 3037.TW
開始判讀第 239 個，代號 3038.TW
開始判讀第 240 個，代號 3040.TW
開始判讀第 241 個，代號 3042.TW
開始判讀第 242 個，代號 3047.TW
開始判讀第 243 個，代號 3049.TW
開始判讀第 244 個，代號 3050.TW
開始判讀第 245 個，代號 3059.TW
開始判讀第 246 個，代號 3062.TW
開始判讀第 247 個，代號 3071.TW
開始判讀第 248 個，代號 3078.TW
開始判讀第 249 個，代號 3090.TW
開始判讀第 250 個，代號 3118.TW
開始判讀第 251 個，代號 3188.TW
開始判讀第 252 個，代號 3211.TW
開始判讀第 253 個，代號 3218.TW
開始判讀第 254 個，代號 3227.TW
開始判讀第 255 個，代號 3236.TW
開始判讀第 256 個，代號 3260.TW
開始判讀第 257 個，代號 3264.TW
開始判讀第 258 個，代號 3268.TW
開始判讀第 259 個，代號 3289.TW
開始判讀第 260 個，代號 3306.TW
開始判讀第 261 個，代號 3317.TW
開始判讀第 262 個，代號 3323.TW
開始判讀第 263 個，代號 3324.TW
開始判讀第 264 個，代號 3332.TW
開始判讀第 265 個，代號 3354.TW
開始判讀第 266 個，代號 3702.TW
開始判讀第 267 個，代號 3379.TW
開始判讀第 268 個，代號 3438.TW
開始判讀第 269 個，代號 3450.TW
開始判讀第 270 個，代號 3454.TW
開始判讀第 271 個，代號 3483.TW
開始判讀第 272 個，代號 3556.TW
開始判讀第 273 個，代號 3605.TW
開始判讀第 274 個，代號 4102.TW
開始判讀第 275 個，代號 4104.TW
開始判讀第 276 個，代號 4105.TW
開始判讀第 277 個，代號 4111.TW
開始判讀第 278 個，代號 4114.TW
開始判讀第 279 個，代號 4121.TW
開始判讀第 280 個，代號 4128.TW
開始判讀第 281 個，代號 4129.TW
開始判讀第 282 個，代號 4205.TW
開始判讀第 283 個，代號 4303.TW
開始判讀第 284 個，代號 4401.TW
開始判讀第 285 個，代號 4535.TW
開始判讀第 286 個，代號 4707.TW
開始判讀第 287 個，代號 4716.TW
開始判讀第 288 個，代號 4722.TW
開始判讀第 289 個，代號 4904.TW
開始判讀第 290 個，代號 4905.TW
開始判讀第 291 個，代號 5007.TW
開始判讀第 292 個，代號 5009.TW
開始判讀第 293 個，代號 5013.TW
開始判讀第 294 個，代號 5209.TW
開始判讀第 295 個，代號 5306.TW
開始判讀第 296 個，代號 5315.TW
開始判讀第 297 個，代號 5356.TW
開始判讀第 298 個，代號 5371.TW
開始判讀第 299 個，代號 5425.TW
開始判讀第 300 個，代號 5438.TW
開始判讀第 301 個，代號 5439.TW
開始判讀第 302 個，代號 5443.TW
開始判讀第 303 個，代號 5452.TW
開始判讀第 304 個，代號 5457.TW
開始判讀第 305 個，代號 5460.TW
開始判讀第 306 個，代號 5478.TW
開始判讀第 307 個，代號 5483.TW
開始判讀第 308 個，代號 5490.TW
開始判讀第 309 個，代號 5498.TW
開始判讀第 310 個，代號 5511.TW
開始判讀第 311 個，代號 5512.TW
開始判讀第 312 個，代號 5514.TW
開始判讀第 313 個，代號 5515.TW
開始判讀第 314 個，代號 5521.TW
開始判讀第 315 個，代號 5522.TW
開始判讀第 316 個，代號 5523.TW
開始判讀第 317 個，代號 5604.TW
開始判讀第 318 個，代號 5609.TW
開始判讀第 319 個，代號 5820.TW
開始判讀第 320 個，代號 5905.TW
開始判讀第 321 個，代號 6005.TW
開始判讀第 322 個，代號 4935.TW
開始判讀第 323 個，代號 6015.TW
開始判讀第 324 個，代號 6016.TW
開始判讀第 325 個，代號 6023.TW
開始判讀第 326 個，代號 6104.TW
開始判讀第 327 個，代號 6108.TW
開始判讀第 328 個，代號 6111.TW
開始判讀第 329 個，代號 6112.TW
開始判讀第 330 個，代號 6116.TW
開始判讀第 331 個，代號 6122.TW
開始判讀第 332 個，代號 6146.TW
開始判讀第 333 個，代號 6147.TW
開始判讀第 334 個，代號 6150.TW
開始判讀第 335 個，代號 6156.TW
開始判讀第 336 個，代號 6158.TW
開始判讀第 337 個，代號 6161.TW
開始判讀第 338 個，代號 6170.TW
開始判讀第 339 個，代號 6176.TW
開始判讀第 340 個，代號 6177.TW
開始判讀第 341 個，代號 6180.TW
開始判讀第 342 個，代號 6182.TW
開始判讀第 343 個，代號 6183.TW
開始判讀第 344 個，代號 6186.TW
開始判讀第 345 個，代號 6187.TW
開始判讀第 346 個，代號 6188.TW
開始判讀第 347 個，代號 6190.TW
開始判讀第 348 個，代號 6201.TW
開始判讀第 349 個，代號 6202.TW
開始判讀第 350 個，代號 6204.TW
開始判讀第 351 個，代號 6207.TW
開始判讀第 352 個，代號 6208.TW
開始判讀第 353 個，代號 6213.TW
開始判讀第 354 個，代號 6214.TW
開始判讀第 355 個，代號 6224.TW
開始判讀第 356 個，代號 6227.TW
開始判讀第 357 個，代號 6234.TW
開始判讀第 358 個，代號 6235.TW
開始判讀第 359 個，代號 6237.TW
開始判讀第 360 個，代號 6244.TW
開始判讀第 361 個，代號 6248.TW
開始判讀第 362 個，代號 6257.TW
開始判讀第 363 個，代號 6277.TW
開始判讀第 364 個，代號 6278.TW
開始判讀第 365 個，代號 6284.TW
開始判讀第 366 個，代號 6290.TW
開始判讀第 367 個，代號 6294.TW
開始判讀第 368 個，代號 6504.TW
開始判讀第 369 個，代號 6505.TW
開始判讀第 370 個，代號 6509.TW
開始判讀第 371 個，代號 6609.TW
開始判讀第 372 個，代號 8049.TW
開始判讀第 373 個，代號 8050.TW
開始判讀第 374 個，代號 8071.TW
開始判讀第 375 個，代號 8076.TW
開始判讀第 376 個，代號 8088.TW
開始判讀第 377 個，代號 8096.TW
開始判讀第 378 個，代號 8099.TW
開始判讀第 379 個，代號 8103.TW
開始判讀第 380 個，代號 8111.TW
開始判讀第 381 個，代號 8112.TW
開始判讀第 382 個，代號 8183.TW
開始判讀第 383 個，代號 8240.TW
開始判讀第 384 個，代號 8249.TW
開始判讀第 385 個，代號 8261.TW
開始判讀第 386 個，代號 8299.TW
開始判讀第 387 個，代號 8349.TW
開始判讀第 388 個，代號 8354.TW
開始判讀第 389 個，代號 8908.TW
開始判讀第 390 個，代號 8917.TW
開始判讀第 391 個，代號 8921.TW
開始判讀第 392 個，代號 8931.TW
開始判讀第 393 個，代號 8936.TW
開始判讀第 394 個，代號 9902.TW
開始判讀第 395 個，代號 9904.TW
開始判讀第 396 個，代號 9905.TW
開始判讀第 397 個，代號 9907.TW
開始判讀第 398 個，代號 9908.TW
開始判讀第 399 個，代號 9911.TW
開始判讀第 400 個，代號 9914.TW
開始判讀第 401 個，代號 9917.TW
開始判讀第 402 個，代號 9918.TW
開始判讀第 403 個，代號 9919.TW
開始判讀第 404 個，代號 9921.TW
開始判讀第 405 個，代號 9925.TW
開始判讀第 406 個，代號 9926.TW
開始判讀第 407 個，代號 9927.TW
開始判讀第 408 個，代號 9929.TW
開始判讀第 409 個，代號 9930.TW
開始判讀第 410 個，代號 9931.TW
開始判讀第 411 個，代號 9935.TW
開始判讀第 412 個，代號 9937.TW
開始判讀第 413 個，代號 9938.TW
開始判讀第 414 個，代號 9940.TW
開始判讀第 415 個，代號 9942.TW
開始判讀第 416 個，代號 9943.TW
開始判讀第 417 個，代號 9944.TW
開始判讀第 418 個，代號 9945.TW
開始判讀第 419 個，代號 9946.TW
開始判讀第 420 個，代號 1733.TW
開始判讀第 421 個，代號 8163.TW
開始判讀第 422 個，代號 3527.TW
開始判讀第 423 個，代號 3014.TW
開始判讀第 424 個，代號 8054.TW
開始判讀第 425 個，代號 3128.TW
開始判讀第 426 個，代號 1440.TW
開始判讀第 427 個，代號 2313.TW
開始判讀第 428 個，代號 1234.TW
開始判讀第 429 個，代號 1723.TW
開始判讀第 430 個，代號 1785.TW
開始判讀第 431 個，代號 3213.TW
開始判讀第 432 個，代號 6197.TW
開始判讀第 433 個，代號 4906.TW
開始判讀第 434 個，代號 6171.TW
開始判讀第 435 個，代號 3402.TW
開始判讀第 436 個，代號 2420.TW
開始判讀第 437 個，代號 3303.TW
開始判讀第 438 個，代號 2020.TW
開始判讀第 439 個，代號 1795.TW
開始判讀第 440 個，代號 5410.TW
開始判讀第 441 個，代號 5907.TW
開始判讀第 442 個，代號 6189.TW
開始判讀第 443 個，代號 2049.TW
開始判讀第 444 個，代號 3221.TW
開始判讀第 445 個，代號 6136.TW
開始判讀第 446 個，代號 4306.TW
開始判讀第 447 個，代號 2597.TW
開始判讀第 448 個，代號 3094.TW
開始判讀第 449 個，代號 4908.TW
開始判讀第 450 個，代號 3305.TW
開始判讀第 451 個，代號 1541.TW
開始判讀第 452 個，代號 3217.TW
開始判讀第 453 個，代號 1540.TW
開始判讀第 454 個，代號 5015.TW
開始判讀第 455 個，代號 1476.TW
開始判讀第 456 個，代號 3537.TW
開始判讀第 457 個，代號 2851.TW
開始判讀第 458 個，代號 3045.TW
開始判讀第 459 個，代號 2399.TW
開始判讀第 460 個，代號 2430.TW
開始判讀第 461 個，代號 1477.TW
開始判讀第 462 個，代號 3444.TW
開始判讀第 463 個，代號 2850.TW
開始判讀第 464 個，代號 6194.TW
開始判讀第 465 個，代號 3312.TW
開始判讀第 466 個，代號 8210.TW
開始判讀第 467 個，代號 9924.TW
開始判讀第 468 個，代號 3501.TW
開始判讀第 469 個，代號 6154.TW
開始判讀第 470 個，代號 8924.TW
開始判讀第 471 個，代號 2450.TW
開始判讀第 472 個，代號 6281.TW
開始判讀第 473 個，代號 6218.TW
開始判讀第 474 個，代號 2027.TW
開始判讀第 475 個，代號 2905.TW
開始判讀第 476 個，代號 1735.TW
開始判讀第 477 個，代號 3048.TW
開始判讀第 478 個，代號 6184.TW
開始判讀第 479 個，代號 3028.TW
開始判讀第 480 個，代號 8928.TW
開始判讀第 481 個，代號 6128.TW
開始判讀第 482 個，代號 5520.TW
開始判讀第 483 個，代號 9941.TW
開始判讀第 484 個，代號 3551.TW
開始判讀第 485 個，代號 1773.TW
開始判讀第 486 個，代號 6024.TW
開始判讀第 487 個，代號 8114.TW
開始判讀第 488 個，代號 8923.TW
開始判讀第 489 個，代號 4711.TW
開始判讀第 490 個，代號 2404.TW
開始判讀第 491 個，代號 8109.TW
開始判讀第 492 個，代號 5434.TW
開始判讀第 493 個，代號 2916.TW
開始判讀第 494 個，代號 1227.TW
開始判讀第 495 個，代號 5353.TW
開始判讀第 496 個，代號 1788.TW
開始判讀第 497 個，代號 2906.TW
開始判讀第 498 個，代號 2834.TW
開始判讀第 499 個，代號 6203.TW
開始判讀第 500 個，代號 3526.TW
開始判讀第 501 個，代號 8070.TW
開始判讀第 502 個，代號 8072.TW
開始判讀第 503 個，代號 8234.TW
開始判讀第 504 個，代號 2451.TW
開始判讀第 505 個，代號 9958.TW
開始判讀第 506 個，代號 2231.TW
開始判讀第 507 個，代號 3209.TW
開始判讀第 508 個，代號 1218.TW
開始判讀第 509 個，代號 3570.TW
開始判讀第 510 個，代號 2483.TW
開始判讀第 511 個，代號 6251.TW
開始判讀第 512 個，代號 1726.TW
開始判讀第 513 個，代號 4207.TW
開始判讀第 514 個，代號 6192.TW
開始判讀第 515 個，代號 5474.TW
開始判讀第 516 個，代號 4120.TW
開始判讀第 517 個，代號 2345.TW
開始判讀第 518 個，代號 4119.TW
開始判讀第 519 個，代號 2402.TW
開始判讀第 520 個，代號 5903.TW
開始判讀第 521 個，代號 1231.TW
開始判讀第 522 個，代號 1232.TW
開始判讀第 523 個，代號 2010.TW
開始判讀第 524 個，代號 4506.TW
開始判讀第 525 個，代號 2397.TW
開始判讀第 526 個，代號 3356.TW
開始判讀第 527 個，代號 3540.TW
開始判讀第 528 個，代號 6155.TW
開始判讀第 529 個，代號 2062.TW
開始判讀第 530 個，代號 6270.TW
開始判讀第 531 個，代號 3617.TW
開始判讀第 532 個，代號 6605.TW
開始判讀第 533 個，代號 3015.TW
開始判讀第 534 個，代號 2382.TW
開始判讀第 535 個，代號 2207.TW
開始判讀第 536 個，代號 2468.TW
開始判讀第 537 個，代號 6292.TW
開始判讀第 538 個，代號 1324.TW
開始判讀第 539 個，代號 1725.TW
開始判讀第 540 個，代號 6191.TW
開始判讀第 541 個，代號 8182.TW
開始判讀第 542 個，代號 8091.TW
開始判讀第 543 個，代號 8916.TW
開始判讀第 544 個，代號 1558.TW
開始判讀第 545 個，代號 6115.TW
開始判讀第 546 個，代號 3388.TW
開始判讀第 547 個，代號 6185.TW
開始判讀第 548 個，代號 6121.TW
開始判讀第 549 個，代號 6168.TW
開始判讀第 550 個，代號 4106.TW
開始判讀第 551 個，代號 5904.TW
開始判讀第 552 個，代號 3376.TW
開始判讀第 553 個，代號 8074.TW
開始判讀第 554 個，代號 1732.TW
開始判讀第 555 個，代號 2392.TW
開始判讀第 556 個，代號 6139.TW
開始判讀第 557 個，代號 1808.TW
開始判讀第 558 個，代號 5469.TW
開始判讀第 559 個，代號 8926.TW
開始判讀第 560 個，代號 5508.TW
開始判讀第 561 個，代號 5213.TW
開始判讀第 562 個，代號 2881.TW
開始判讀第 563 個，代號 2536.TW
開始判讀第 564 個，代號 2509.TW
開始判讀第 565 個，代號 1442.TW
開始判讀第 566 個，代號 5471.TW
開始判讀第 567 個，代號 2455.TW
開始判讀第 568 個，代號 1582.TW
開始判讀第 569 個，代號 1108.TW
開始判讀第 570 個，代號 1109.TW
開始判讀第 571 個，代號 1110.TW
開始判讀第 572 個，代號 1229.TW
開始判讀第 573 個，代號 1235.TW
開始判讀第 574 個，代號 1323.TW
開始判讀第 575 個，代號 1455.TW
開始判讀第 576 個，代號 1465.TW
開始判讀第 577 個，代號 1473.TW
開始判讀第 578 個，代號 1503.TW
開始判讀第 579 個，代號 1519.TW
開始判讀第 580 個，代號 1521.TW
開始判讀第 581 個，代號 1525.TW
開始判讀第 582 個，代號 1528.TW
開始判讀第 583 個，代號 1530.TW
開始判讀第 584 個，代號 1531.TW
開始判讀第 585 個，代號 1537.TW
開始判讀第 586 個，代號 1560.TW
開始判讀第 587 個，代號 1569.TW
開始判讀第 588 個，代號 1580.TW
開始判讀第 589 個，代號 1583.TW
開始判讀第 590 個，代號 1614.TW
開始判讀第 591 個，代號 1615.TW
開始判讀第 592 個，代號 1720.TW
開始判讀第 593 個，代號 1730.TW
開始判讀第 594 個，代號 1736.TW
開始判讀第 595 個，代號 1752.TW
開始判讀第 596 個，代號 1784.TW
開始判讀第 597 個，代號 1809.TW
開始判讀第 598 個，代號 2034.TW
開始判讀第 599 個，代號 2106.TW
開始判讀第 600 個，代號 2114.TW
開始判讀第 601 個，代號 2201.TW
開始判讀第 602 個，代號 2301.TW
開始判讀第 603 個，代號 2308.TW
開始判讀第 604 個，代號 2317.TW
開始判讀第 605 個，代號 2328.TW
開始判讀第 606 個，代號 2331.TW
開始判讀第 607 個，代號 2347.TW
開始判讀第 608 個，代號 2351.TW
開始判讀第 609 個，代號 2354.TW
開始判讀第 610 個，代號 2356.TW
開始判讀第 611 個，代號 2357.TW
開始判讀第 612 個，代號 2360.TW
開始判讀第 613 個，代號 2373.TW
開始判讀第 614 個，代號 2385.TW
開始判讀第 615 個，代號 2395.TW
開始判讀第 616 個，代號 2417.TW
開始判讀第 617 個，代號 2423.TW
開始判讀第 618 個，代號 2428.TW
開始判讀第 619 個，代號 2433.TW
開始判讀第 620 個，代號 2439.TW
開始判讀第 621 個，代號 2453.TW
開始判讀第 622 個，代號 2461.TW
開始判讀第 623 個，代號 2466.TW
開始判讀第 624 個，代號 2476.TW
開始判讀第 625 個，代號 3691.TW
開始判讀第 626 個，代號 2477.TW
開始判讀第 627 個，代號 2480.TW
開始判讀第 628 個，代號 2488.TW
開始判讀第 629 個，代號 2495.TW
開始判讀第 630 個，代號 2501.TW
開始判讀第 631 個，代號 2538.TW
開始判讀第 632 個，代號 2539.TW
開始判讀第 633 個，代號 2548.TW
開始判讀第 634 個，代號 2596.TW
開始判讀第 635 個，代號 2636.TW
開始判讀第 636 個，代號 2701.TW
開始判讀第 637 個，代號 2706.TW
開始判讀第 638 個，代號 2707.TW
開始判讀第 639 個，代號 2882.TW
開始判讀第 640 個，代號 2912.TW
開始判讀第 641 個，代號 3002.TW
開始判讀第 642 個，代號 5388.TW
開始判讀第 643 個，代號 5489.TW
開始判讀第 644 個，代號 8938.TW
開始判讀第 645 個，代號 5403.TW
開始判讀第 646 個，代號 3416.TW
開始判讀第 647 個，代號 8032.TW
開始判讀第 648 個，代號 3511.TW
開始判讀第 649 個，代號 8083.TW
開始判讀第 650 個，代號 8927.TW
開始判讀第 651 個，代號 8213.TW
開始判讀第 652 個，代號 3093.TW
開始判讀第 653 個，代號 4528.TW
開始判讀第 654 個，代號 8043.TW
開始判讀第 655 個，代號 6205.TW
開始判讀第 656 個，代號 3055.TW
開始判讀第 657 個，代號 4123.TW
開始判讀第 658 個，代號 6216.TW
開始判讀第 659 個，代號 3003.TW
開始判讀第 660 個，代號 3380.TW
開始判讀第 661 個，代號 8046.TW
開始判讀第 662 個，代號 3515.TW
開始判讀第 663 個，代號 3231.TW
開始判讀第 664 個，代號 3489.TW
開始判讀第 665 個，代號 3455.TW
開始判讀第 666 個，代號 6196.TW
開始判讀第 667 個，代號 3531.TW
開始判讀第 668 個，代號 3114.TW
開始判讀第 669 個，代號 6151.TW
開始判讀第 670 個，代號 3541.TW
開始判讀第 671 個，代號 6125.TW
開始判讀第 672 個，代號 6261.TW
開始判讀第 673 個，代號 4126.TW
開始判讀第 674 個，代號 3596.TW
開始判讀第 675 個，代號 3031.TW
開始判讀第 676 個，代號 6153.TW
開始判讀第 677 個，代號 9934.TW
開始判讀第 678 個，代號 3373.TW
開始判讀第 679 個，代號 8289.TW
開始判讀第 680 個，代號 4420.TW
開始判讀第 681 個，代號 5493.TW
開始判讀第 682 個，代號 6220.TW
開始判讀第 683 個，代號 6020.TW
開始判讀第 684 個，代號 8930.TW
開始判讀第 685 個，代號 4417.TW
開始判讀第 686 個，代號 6173.TW
開始判讀第 687 個，代號 5016.TW
開始判讀第 688 個，代號 5519.TW
開始判讀第 689 個，代號 8383.TW
開始判讀第 690 個，代號 5534.TW
開始判讀第 691 個，代號 8081.TW
開始判讀第 692 個，代號 8042.TW
開始判讀第 693 個，代號 4560.TW
開始判讀第 694 個，代號 3017.TW
開始判讀第 695 個，代號 6126.TW
開始判讀第 696 個，代號 3058.TW
開始判讀第 697 個，代號 6123.TW
開始判讀第 698 個，代號 6603.TW
開始判讀第 699 個，代號 3169.TW
開始判讀第 700 個，代號 3588.TW
開始判讀第 701 個，代號 4133.TW
開始判讀第 702 個，代號 8905.TW
開始判讀第 703 個，代號 3552.TW
開始判讀第 704 個，代號 3164.TW
開始判讀第 705 個，代號 6239.TW
開始判讀第 706 個，代號 9910.TW
開始判讀第 707 個，代號 5203.TW
開始判讀第 708 個，代號 3189.TW
開始判讀第 709 個，代號 8048.TW
開始判讀第 710 個，代號 3008.TW
開始判讀第 711 個，代號 3022.TW
開始判讀第 712 個，代號 3030.TW
開始判讀第 713 個，代號 3032.TW
開始判讀第 714 個，代號 3044.TW
開始判讀第 715 個，代號 3052.TW
開始判讀第 716 個，代號 3516.TW
開始判讀第 717 個，代號 3088.TW
開始判讀第 718 個，代號 3092.TW
開始判讀第 719 個，代號 3130.TW
開始判讀第 720 個，代號 3152.TW
開始判讀第 721 個，代號 3206.TW
開始判讀第 722 個，代號 3265.TW
開始判讀第 723 個，代號 3290.TW
開始判讀第 724 個，代號 3293.TW
開始判讀第 725 個，代號 3296.TW
開始判讀第 726 個，代號 3325.TW
開始判讀第 727 個，代號 3360.TW
開始判讀第 728 個，代號 3390.TW
開始判讀第 729 個，代號 3443.TW
開始判讀第 730 個，代號 3490.TW
開始判讀第 731 個，代號 3491.TW
開始判讀第 732 個，代號 3533.TW
開始判讀第 733 個，代號 3545.TW
開始判讀第 734 個，代號 3546.TW
開始判讀第 735 個，代號 3548.TW
開始判讀第 736 個，代號 3557.TW
開始判讀第 737 個，代號 2897.TW
開始判讀第 738 個，代號 3577.TW
開始判讀第 739 個，代號 3611.TW
開始判讀第 740 個，代號 3622.TW
開始判讀第 741 個，代號 3652.TW
開始判讀第 742 個，代號 3653.TW
開始判讀第 743 個，代號 4107.TW
開始判讀第 744 個，代號 4305.TW
開始判讀第 745 個，代號 4527.TW
開始判讀第 746 個，代號 4706.TW
開始判讀第 747 個，代號 4714.TW
開始判讀第 748 個，代號 4720.TW
開始判讀第 749 個，代號 4909.TW
開始判讀第 750 個，代號 5312.TW
開始判讀第 751 個，代號 5347.TW
開始判讀第 752 個，代號 5392.TW
開始判讀第 753 個，代號 5398.TW
開始判讀第 754 個，代號 5487.TW
開始判讀第 755 個，代號 5525.TW
開始判讀第 756 個，代號 5533.TW
開始判讀第 757 個，代號 5601.TW
開始判讀第 758 個，代號 5704.TW
開始判讀第 759 個，代號 5706.TW
開始判讀第 760 個，代號 6138.TW
開始判讀第 761 個，代號 6141.TW
開始判讀第 762 個，代號 6143.TW
開始判讀第 763 個，代號 6166.TW
開始判讀第 764 個，代號 6206.TW
開始判讀第 765 個，代號 6210.TW
開始判讀第 766 個，代號 6229.TW
開始判讀第 767 個，代號 6230.TW
開始判讀第 768 個，代號 6231.TW
開始判讀第 769 個，代號 6245.TW
開始判讀第 770 個，代號 6263.TW
開始判讀第 771 個，代號 6269.TW
開始判讀第 772 個，代號 6271.TW
開始判讀第 773 個，代號 6274.TW
開始判讀第 774 個，代號 6279.TW
開始判讀第 775 個，代號 6282.TW
開始判讀第 776 個，代號 6285.TW
開始判讀第 777 個，代號 6508.TW
開始判讀第 778 個，代號 8016.TW
開始判讀第 779 個，代號 8021.TW
開始判讀第 780 個，代號 8039.TW
開始判讀第 781 個，代號 8044.TW
開始判讀第 782 個，代號 8086.TW
開始判讀第 783 個，代號 8110.TW
開始判讀第 784 個，代號 8131.TW
開始判讀第 785 個，代號 8255.TW
開始判讀第 786 個，代號 8374.TW
開始判讀第 787 個，代號 8390.TW
開始判讀第 788 個，代號 8401.TW
開始判讀第 789 個，代號 8929.TW
開始判讀第 790 個，代號 8942.TW
開始判讀第 791 個，代號 9933.TW
開始判讀第 792 個，代號 9939.TW
開始判讀第 793 個，代號 9951.TW
開始判讀第 794 個，代號 9960.TW
開始判讀第 795 個，代號 2387.TW
開始判讀第 796 個，代號 3479.TW
開始判讀第 797 個，代號 6803.TW
開始判讀第 798 個，代號 5516.TW
開始判讀第 799 個，代號 2059.TW
開始判讀第 800 個，代號 2474.TW
開始判讀第 801 個，代號 3484.TW
開始判讀第 802 個，代號 1321.TW
開始判讀第 803 個，代號 1336.TW
開始判讀第 804 個，代號 1436.TW
開始判讀第 805 個，代號 1437.TW
開始判讀第 806 個，代號 1446.TW
開始判讀第 807 個，代號 1463.TW
開始判讀第 808 個，代號 1467.TW
開始判讀第 809 個，代號 1470.TW
開始判讀第 810 個，代號 1515.TW
開始判讀第 811 個，代號 1524.TW
開始判讀第 812 個，代號 1570.TW
開始判讀第 813 個，代號 1617.TW
開始判讀第 814 個，代號 1810.TW
開始判讀第 815 個，代號 2038.TW
開始判讀第 816 個，代號 2063.TW
開始判讀第 817 個，代號 2221.TW
開始判讀第 818 個，代號 2358.TW
開始判讀第 819 個，代號 3628.TW
開始判讀第 820 個，代號 2427.TW
開始判讀第 821 個，代號 2442.TW
開始判讀第 822 個，代號 2471.TW
開始判讀第 823 個，代號 2472.TW
開始判讀第 824 個，代號 2481.TW
開始判讀第 825 個，代號 2496.TW
開始判讀第 826 個，代號 2537.TW
開始判讀第 827 個，代號 2836.TW
開始判讀第 828 個，代號 2910.TW
開始判讀第 829 個，代號 3021.TW
開始判讀第 830 個，代號 3056.TW
開始判讀第 831 個，代號 3171.TW
開始判讀第 832 個，代號 3226.TW
開始判讀第 833 個，代號 3232.TW
開始判讀第 834 個，代號 3294.TW
開始判讀第 835 個，代號 3310.TW
開始判讀第 836 個，代號 3406.TW
開始判讀第 837 個，代號 3419.TW
開始判讀第 838 個，代號 3465.TW
開始判讀第 839 個，代號 3481.TW
開始判讀第 840 個，代號 3512.TW
開始判讀第 841 個，代號 3532.TW
開始判讀第 842 個，代號 3580.TW
開始判讀第 843 個，代號 3587.TW
開始判讀第 844 個，代號 3673.TW
開始判讀第 845 個，代號 3703.TW
開始判讀第 846 個，代號 3704.TW
開始判讀第 847 個，代號 4113.TW
開始判讀第 848 個，代號 4532.TW
開始判讀第 849 個，代號 4533.TW
開始判讀第 850 個，代號 4907.TW
開始判讀第 851 個，代號 4930.TW
開始判讀第 852 個，代號 4938.TW
開始判讀第 853 個，代號 5102.TW
開始判讀第 854 個，代號 5201.TW
開始判讀第 855 個，代號 5212.TW
開始判讀第 856 個，代號 5465.TW
開始判讀第 857 個，代號 5481.TW
開始判讀第 858 個，代號 5530.TW
開始判讀第 859 個，代號 5603.TW
開始判讀第 860 個，代號 5607.TW
開始判讀第 861 個，代號 6114.TW
開始判讀第 862 個，代號 6148.TW
開始判讀第 863 個，代號 6172.TW
開始判讀第 864 個，代號 6175.TW
開始判讀第 865 個，代號 6179.TW
開始判讀第 866 個，代號 6195.TW
開始判讀第 867 個，代號 6212.TW
開始判讀第 868 個，代號 6215.TW
開始判讀第 869 個，代號 6217.TW
開始判讀第 870 個，代號 6219.TW
開始判讀第 871 個，代號 6221.TW
開始判讀第 872 個，代號 6223.TW
開始判讀第 873 個，代號 6242.TW
開始判讀第 874 個，代號 4919.TW
開始判讀第 875 個，代號 6266.TW
開始判讀第 876 個，代號 6275.TW
開始判讀第 877 個，代號 6276.TW
開始判讀第 878 個，代號 8047.TW
開始判讀第 879 個，代號 8064.TW
開始判讀第 880 個，代號 8066.TW
開始判讀第 881 個，代號 8069.TW
開始判讀第 882 個，代號 8107.TW
開始判讀第 883 個，代號 8906.TW
開始判讀第 884 個，代號 8941.TW
開始判讀第 885 個，代號 8996.TW
開始判讀第 886 個，代號 9103.TW
開始判讀第 887 個，代號 9105.TW
開始判讀第 888 個，代號 9136.TW
開始判讀第 889 個，代號 9188.TW
開始判讀第 890 個，代號 5386.TW
開始判讀第 891 個，代號 8358.TW
開始判讀第 892 個，代號 0050.TW
開始判讀第 893 個，代號 0052.TW
開始判讀第 894 個，代號 0056.TW
開始判讀第 895 個，代號 2540.TW
開始判讀第 896 個，代號 3441.TW
開始判讀第 897 個，代號 911608.TW
開始判讀第 898 個，代號 1603.TW
開始判讀第 899 個，代號 2408.TW
開始判讀第 900 個，代號 2415.TW
開始判讀第 901 個，代號 2809.TW
開始判讀第 902 個，代號 4173.TW
開始判讀第 903 個，代號 3144.TW
開始判讀第 904 個，代號 3550.TW
開始判讀第 905 個，代號 3591.TW
開始判讀第 906 個，代號 8215.TW
開始判讀第 907 個，代號 5536.TW
開始判讀第 908 個，代號 2723.TW
開始判讀第 909 個，代號 3567.TW
開始判讀第 910 個，代號 910861.TW
開始判讀第 911 個，代號 4736.TW
開始判讀第 912 個，代號 2637.TW
開始判讀第 913 個，代號 1590.TW
開始判讀第 914 個，代號 1762.TW
開始判讀第 915 個，代號 3685.TW
開始判讀第 916 個，代號 4737.TW
開始判讀第 917 個，代號 8271.TW
開始判讀第 918 個，代號 3432.TW
開始判讀第 919 個，代號 4138.TW
開始判讀第 920 個，代號 3705.TW
開始判讀第 921 個，代號 3563.TW
開始判讀第 922 個，代號 3687.TW
開始判讀第 923 個，代號 3609.TW
開始判讀第 924 個，代號 3131.TW
開始判讀第 925 個，代號 3529.TW
開始判讀第 926 個，代號 8410.TW
開始判讀第 927 個，代號 8028.TW
開始判讀第 928 個，代號 3363.TW
開始判讀第 929 個，代號 8403.TW
開始判讀第 930 個，代號 3624.TW
開始判讀第 931 個，代號 3257.TW
開始判讀第 932 個，代號 3669.TW
開始判讀第 933 個，代號 3665.TW
開始判讀第 934 個，代號 4139.TW
開始判讀第 935 個，代號 4912.TW
開始判讀第 936 個，代號 6506.TW
開始判讀第 937 個，代號 1786.TW
開始判讀第 938 個，代號 8404.TW
開始判讀第 939 個，代號 3528.TW
開始判讀第 940 個，代號 4430.TW
開始判讀第 941 個，代號 4942.TW
開始判讀第 942 個，代號 4933.TW
開始判讀第 943 個，代號 4735.TW
開始判讀第 944 個，代號 3680.TW
開始判讀第 945 個，代號 4939.TW
開始判讀第 946 個，代號 3645.TW
開始判讀第 947 個，代號 3679.TW
開始判讀第 948 個，代號 8422.TW
開始判讀第 949 個，代號 1595.TW
開始判讀第 950 個，代號 1789.TW
開始判讀第 951 個，代號 006204.TW
開始判讀第 952 個，代號 006203.TW
開始判讀第 953 個，代號 4966.TW
開始判讀第 954 個，代號 01001T.TW
開始判讀第 955 個，代號 01002T.TW
開始判讀第 956 個，代號 01003T.TW
開始判讀第 957 個，代號 01004T.TW
開始判讀第 958 個，代號 01007T.TW
開始判讀第 959 個，代號 1312A.TW
開始判讀第 960 個，代號 2002A.TW
開始判讀第 961 個，代號 4927.TW
開始判讀第 962 個，代號 5906.TW
開始判讀第 963 個，代號 4952.TW
開始判讀第 964 個，代號 2233.TW
開始判讀第 965 個，代號 4974.TW
開始判讀第 966 個，代號 4739.TW
開始判讀第 967 個，代號 5880.TW
開始判讀第 968 個，代號 5871.TW
開始判讀第 969 個，代號 4994.TW
開始判讀第 970 個，代號 4130.TW
開始判讀第 971 個，代號 3105.TW
開始判讀第 972 個，代號 1259.TW
開始判讀第 973 個，代號 4958.TW
開始判讀第 974 個，代號 1586.TW
開始判讀第 975 個，代號 4728.TW
開始判讀第 976 個，代號 5215.TW
開始判讀第 977 個，代號 2727.TW
開始判讀第 978 個，代號 2722.TW
開始判讀第 979 個，代號 8423.TW
開始判讀第 980 個，代號 4987.TW
開始判讀第 981 個，代號 1591.TW
開始判讀第 982 個，代號 3646.TW
開始判讀第 983 個，代號 8406.TW
開始判讀第 984 個，代號 1589.TW
開始判讀第 985 個，代號 8432.TW
開始判讀第 986 個，代號 4142.TW
開始判讀第 987 個，代號 4995.TW
開始判讀第 988 個，代號 1339.TW
開始判讀第 989 個，代號 5230.TW
開始判讀第 990 個，代號 1593.TW
開始判讀第 991 個，代號 4973.TW
開始判讀第 992 個，代號 3675.TW
開始判讀第 993 個，代號 5234.TW
開始判讀第 994 個，代號 3285.TW
開始判讀第 995 個，代號 1256.TW
開始判讀第 996 個，代號 2729.TW
開始判讀第 997 個，代號 4162.TW
開始判讀第 998 個，代號 8416.TW
開始判讀第 999 個，代號 4915.TW
開始判讀第 1000 個，代號 3689.TW
開始判讀第 1001 個，代號 9802.TW
開始判讀第 1002 個，代號 4164.TW
開始判讀第 1003 個，代號 006208.TW
開始判讀第 1004 個，代號 2640.TW
開始判讀第 1005 個，代號 4163.TW
開始判讀第 1006 個，代號 3663.TW
開始判讀第 1007 個，代號 5269.TW
開始判讀第 1008 個，代號 2923.TW
開始判讀第 1009 個，代號 3163.TW
開始判讀第 1010 個，代號 8424.TW
開始判讀第 1011 個，代號 8155.TW
開始判讀第 1012 個，代號 2867.TW
開始判讀第 1013 個，代號 8433.TW
開始判讀第 1014 個，代號 1338.TW
開始判讀第 1015 個，代號 1599.TW
開始判讀第 1016 個，代號 8435.TW
開始判讀第 1017 個，代號 1597.TW
開始判讀第 1018 個，代號 4745.TW
開始判讀第 1019 個，代號 2926.TW
開始判讀第 1020 個，代號 5864.TW
開始判讀第 1021 個，代號 3583.TW
開始判讀第 1022 個，代號 1626.TW
開始判讀第 1023 個，代號 3357.TW
開始判讀第 1024 個，代號 1783.TW
開始判讀第 1025 個，代號 2230.TW
開始判讀第 1026 個，代號 1760.TW
開始判讀第 1027 個，代號 8147.TW
開始判讀第 1028 個，代號 5274.TW
開始判讀第 1029 個，代號 3594.TW
開始判讀第 1030 個，代號 4153.TW
開始判讀第 1031 個，代號 4999.TW
開始判讀第 1032 個，代號 5278.TW
開始判讀第 1033 個，代號 4972.TW
開始判讀第 1034 個，代號 4161.TW
開始判讀第 1035 個，代號 4971.TW
開始判讀第 1036 個，代號 8436.TW
開始判讀第 1037 個，代號 2066.TW
開始判讀第 1038 個，代號 4536.TW
開始判讀第 1039 個，代號 3167.TW
開始判讀第 1040 個，代號 1817.TW
開始判讀第 1041 個，代號 6412.TW
開始判讀第 1042 個，代號 4916.TW
開始判讀第 1043 個，代號 5243.TW
開始判讀第 1044 個，代號 2228.TW
開始判讀第 1045 個，代號 5289.TW
開始判讀第 1046 個，代號 4755.TW
開始判讀第 1047 個，代號 4137.TW
開始判讀第 1048 個，代號 3693.TW
開始判讀第 1049 個，代號 6405.TW
開始判讀第 1050 個，代號 3564.TW
開始判讀第 1051 個，代號 2712.TW
開始判讀第 1052 個，代號 6415.TW
開始判讀第 1053 個，代號 2642.TW
開始判讀第 1054 個，代號 3338.TW
開始判讀第 1055 個，代號 5538.TW
開始判讀第 1056 個，代號 8446.TW
開始判讀第 1057 個，代號 4747.TW
開始判讀第 1058 個，代號 2115.TW
開始判讀第 1059 個，代號 3558.TW
開始判讀第 1060 個，代號 4953.TW
開始判讀第 1061 個，代號 5287.TW
開始判讀第 1062 個，代號 5285.TW
開始判讀第 1063 個，代號 6411.TW
開始判讀第 1064 個，代號 3141.TW
開始判讀第 1065 個，代號 4977.TW
開始判讀第 1066 個，代號 3706.TW
開始判讀第 1067 個，代號 6414.TW
開始判讀第 1068 個，代號 3684.TW
開始判讀第 1069 個，代號 6409.TW
開始判讀第 1070 個，代號 8150.TW
開始判讀第 1071 個，代號 8454.TW
開始判讀第 1072 個，代號 4175.TW
開始判讀第 1073 個，代號 1568.TW
開始判讀第 1074 個，代號 8341.TW
開始判讀第 1075 個，代號 4541.TW
開始判讀第 1076 個，代號 4171.TW
開始判讀第 1077 個，代號 6432.TW
開始判讀第 1078 個，代號 3581.TW
開始判讀第 1079 個，代號 2634.TW
開始判讀第 1080 個，代號 4542.TW
開始判讀第 1081 個，代號 3272.TW
開始判讀第 1082 個，代號 8443.TW
開始判讀第 1083 個，代號 5288.TW
開始判讀第 1084 個，代號 5284.TW
開始判讀第 1085 個，代號 5878.TW
開始判讀第 1086 個，代號 3661.TW
開始判讀第 1087 個，代號 4433.TW
開始判讀第 1088 個，代號 8420.TW
開始判讀第 1089 個，代號 4549.TW
開始判讀第 1090 個，代號 3666.TW
開始判讀第 1091 個，代號 6449.TW
開始判讀第 1092 個，代號 2235.TW
開始判讀第 1093 個，代號 6426.TW
開始判讀第 1094 個，代號 5291.TW
開始判讀第 1095 個，代號 2726.TW
開始判讀第 1096 個，代號 2064.TW
開始判讀第 1097 個，代號 2732.TW
開始判讀第 1098 個，代號 6451.TW
開始判讀第 1099 個，代號 4550.TW
開始判讀第 1100 個，代號 3672.TW
開始判讀第 1101 個，代號 5876.TW
開始判讀第 1102 個，代號 8431.TW
開始判讀第 1103 個，代號 3374.TW
開始判讀第 1104 個，代號 1264.TW
開始判讀第 1105 個，代號 4155.TW
開始判讀第 1106 個，代號 8437.TW
開始判讀第 1107 個，代號 3492.TW
開始判讀第 1108 個，代號 5245.TW
開始判讀第 1109 個，代號 2633.TW
開始判讀第 1110 個，代號 1796.TW
開始判讀第 1111 個，代號 2236.TW
開始判讀第 1112 個，代號 8027.TW
開始判讀第 1113 個，代號 6457.TW
開始判讀第 1114 個，代號 6456.TW
開始判讀第 1115 個，代號 8463.TW
開始判讀第 1116 個，代號 6442.TW
開始判讀第 1117 個，代號 3081.TW
開始判讀第 1118 個，代號 3413.TW
開始判讀第 1119 個，代號 4551.TW
開始判讀第 1120 個，代號 4167.TW
開始判讀第 1121 個，代號 6488.TW
開始判讀第 1122 個，代號 6417.TW
開始判讀第 1123 個，代號 4557.TW
開始判讀第 1124 個，代號 4190.TW
開始判讀第 1125 個，代號 4555.TW
開始判讀第 1126 個，代號 6470.TW
開始判讀第 1127 個，代號 4763.TW
開始判讀第 1128 個，代號 4968.TW
開始判讀第 1129 個，代號 6485.TW
開始判讀第 1130 個，代號 8467.TW
開始判讀第 1131 個，代號 6464.TW
開始判讀第 1132 個，代號 4116.TW
開始判讀第 1133 個，代號 4556.TW
開始判讀第 1134 個，代號 8464.TW
開始判讀第 1135 個，代號 6462.TW
開始判讀第 1136 個，代號 7402.TW
開始判讀第 1137 個，代號 4545.TW
開始判讀第 1138 個，代號 2736.TW
開始判讀第 1139 個，代號 6435.TW
開始判讀第 1140 個，代號 6496.TW
開始判讀第 1141 個，代號 8472.TW
開始判讀第 1142 個，代號 2239.TW
開始判讀第 1143 個，代號 6026.TW
開始判讀第 1144 個，代號 6514.TW
開始判讀第 1145 個，代號 2643.TW
開始判讀第 1146 個，代號 8462.TW
開始判讀第 1147 個，代號 2069.TW
開始判讀第 1148 個，代號 6510.TW
開始判讀第 1149 個，代號 5281.TW
開始判讀第 1150 個，代號 6469.TW
開始判讀第 1151 個，代號 6525.TW
開始判讀第 1152 個，代號 6494.TW
開始判讀第 1153 個，代號 5543.TW
開始判讀第 1154 個，代號 6531.TW
開始判讀第 1155 個，代號 6523.TW
開始判讀第 1156 個，代號 6477.TW
開始判讀第 1157 個，代號 4552.TW
開始判讀第 1158 個，代號 6499.TW
開始判讀第 1159 個，代號 4554.TW
開始判讀第 1160 個，代號 8415.TW
開始判讀第 1161 個，代號 8473.TW
開始判讀第 1162 個，代號 6486.TW
開始判讀第 1163 個，代號 6548.TW
開始判讀第 1164 個，代號 1598.TW
開始判讀第 1165 個，代號 8279.TW
開始判讀第 1166 個，代號 6532.TW
開始判讀第 1167 個，代號 4754.TW
開始判讀第 1168 個，代號 6588.TW
開始判讀第 1169 個，代號 4438.TW
開始判讀第 1170 個，代號 6538.TW
開始判讀第 1171 個，代號 8477.TW
開始判讀第 1172 個，代號 8466.TW
開始判讀第 1173 個，代號 4943.TW
開始判讀第 1174 個，代號 2748.TW
開始判讀第 1175 個，代號 8488.TW
開始判讀第 1176 個，代號 3346.TW
開始判讀第 1177 個，代號 6569.TW
開始判讀第 1178 個，代號 3426.TW
開始判讀第 1179 個，代號 6568.TW
開始判讀第 1180 個，代號 5258.TW
開始判讀第 1181 個，代號 3708.TW
開始判讀第 1182 個，代號 6552.TW
開始判讀第 1183 個，代號 8480.TW
開始判讀第 1184 個，代號 6560.TW
開始判讀第 1185 個，代號 8481.TW
開始判讀第 1186 個，代號 4183.TW
開始判讀第 1187 個，代號 4807.TW
開始判讀第 1188 個，代號 6533.TW
開始判讀第 1189 個，代號 6577.TW
開始判讀第 1190 個，代號 4760.TW
開始判讀第 1191 個，代號 6472.TW
開始判讀第 1192 個，代號 2065.TW
開始判讀第 1193 個，代號 6438.TW
開始判讀第 1194 個，代號 8489.TW
開始判讀第 1195 個，代號 6594.TW
開始判讀第 1196 個，代號 2937.TW
開始判讀第 1197 個，代號 4148.TW
開始判讀第 1198 個，代號 6582.TW
開始判讀第 1199 個，代號 00692.TW
開始判讀第 1200 個，代號 6579.TW
開始判讀第 1201 個，代號 8342.TW
開始判讀第 1202 個，代號 6574.TW
開始判讀第 1203 個，代號 4741.TW
開始判讀第 1204 個，代號 6441.TW
開始判讀第 1205 個，代號 1268.TW
開始判讀第 1206 個，代號 8499.TW
開始判讀第 1207 個，代號 8478.TW
開始判讀第 1208 個，代號 6570.TW
開始判讀第 1209 個，代號 6591.TW
開始判讀第 1210 個，代號 6613.TW
開始判讀第 1211 個，代號 4764.TW
開始判讀第 1212 個，代號 6596.TW
開始判讀第 1213 個，代號 6616.TW
開始判讀第 1214 個，代號 2939.TW
開始判讀第 1215 個，代號 6615.TW
開始判讀第 1216 個，代號 5299.TW
開始判讀第 1217 個，代號 6530.TW
開始判讀第 1218 個，代號 6581.TW
開始判讀第 1219 個，代號 4566.TW
開始判讀第 1220 個，代號 8440.TW
開始判讀第 1221 個，代號 6664.TW
開始判讀第 1222 個，代號 1587.TW
開始判讀第 1223 個，代號 6416.TW
開始判讀第 1224 個，代號 6556.TW
開始判讀第 1225 個，代號 6593.TW
開始判讀第 1226 個，代號 2882A.TW
開始判讀第 1227 個，代號 2887E.TW
開始判讀第 1228 個，代號 2838A.TW
開始判讀第 1229 個，代號 2881A.TW
開始判讀第 1230 個，代號 2881B.TW
開始判讀第 1231 個，代號 2891B.TW
開始判讀第 1232 個，代號 00701.TW
開始判讀第 1233 個，代號 00702.TW
開始判讀第 1234 個，代號 00712.TW
開始判讀第 1235 個，代號 00714.TW
開始判讀第 1236 個，代號 00717.TW
開始判讀第 1237 個，代號 00728.TW
開始判讀第 1238 個，代號 00730.TW
開始判讀第 1239 個，代號 3709.TW
開始判讀第 1240 個，代號 5220.TW
開始判讀第 1241 個，代號 3711.TW
開始判讀第 1242 個，代號 6288.TW
開始判讀第 1243 個，代號 3147.TW
開始判讀第 1244 個，代號 6561.TW
開始判讀第 1245 個，代號 4561.TW
開始判讀第 1246 個，代號 4989.TW
開始判讀第 1247 個，代號 5223.TW
開始判讀第 1248 個，代號 4744.TW
開始判讀第 1249 個，代號 3530.TW
開始判讀第 1250 個，代號 6612.TW
開始判讀第 1251 個，代號 1240.TW
開始判讀第 1252 個，代號 8482.TW
開始判讀第 1253 個，代號 4540.TW
開始判讀第 1254 個，代號 8367.TW
開始判讀第 1255 個，代號 6578.TW
開始判讀第 1256 個，代號 6641.TW
開始判讀第 1257 個，代號 4568.TW
開始判讀第 1258 個，代號 4961.TW
開始判讀第 1259 個，代號 6654.TW
開始判讀第 1260 個，代號 6640.TW
開始判讀第 1261 個，代號 4767.TW
開始判讀第 1262 個，代號 6667.TW
開始判讀第 1263 個，代號 3178.TW
開始判讀第 1264 個，代號 6666.TW
開始判讀第 1265 個，代號 6674.TW
開始判讀第 1266 個，代號 4766.TW
開始判讀第 1267 個，代號 6655.TW
開始判讀第 1268 個，代號 6558.TW
開始判讀第 1269 個，代號 6671.TW
開始判讀第 1270 個，代號 6668.TW
開始判讀第 1271 個，代號 01010T.TW
開始判讀第 1272 個，代號 01009T.TW
開始判讀第 1273 個，代號 00736.TW
開始判讀第 1274 個，代號 00735.TW
開始判讀第 1275 個，代號 00733.TW
開始判讀第 1276 個，代號 00711B.TW
開始判讀第 1277 個，代號 00710B.TW
開始判讀第 1278 個，代號 2070.TW
開始判讀第 1279 個，代號 6670.TW
開始判讀第 1280 個，代號 1341.TW
開始判讀第 1281 個，代號 6590.TW
開始判讀第 1282 個，代號 4967.TW
開始判讀第 1283 個，代號 4538.TW
開始判讀第 1284 個，代號 8104.TW
開始判讀第 1285 個，代號 6425.TW
開始判讀第 1286 個，代號 6643.TW
開始判讀第 1287 個，代號 00770.TW
開始判讀第 1288 個，代號 1101B.TW
開始判讀第 1289 個，代號 6418.TW
開始判讀第 1290 個，代號 4564.TW
開始判讀第 1291 個，代號 6662.TW
開始判讀第 1292 個，代號 6669.TW
開始判讀第 1293 個，代號 6703.TW
開始判讀第 1294 個，代號 6672.TW
開始判讀第 1295 個，代號 6683.TW
開始判讀第 1296 個，代號 4576.TW
開始判讀第 1297 個，代號 6516.TW
開始判讀第 1298 個，代號 6679.TW
開始判讀第 1299 個，代號 5283.TW
開始判讀第 1300 個，代號 6629.TW
開始判讀第 1301 個，代號 00771.TW
開始判讀第 1302 個，代號 00726B.TW
開始判讀第 1303 個，代號 00727B.TW
開始判讀第 1304 個，代號 4572.TW
開始判讀第 1305 個，代號 6680.TW
開始判讀第 1306 個，代號 4931.TW
開始判讀第 1307 個，代號 4571.TW
開始判讀第 1308 個，代號 6642.TW
開始判讀第 1309 個，代號 2752.TW
開始判讀第 1310 個，代號 6491.TW
開始判讀第 1311 個，代號 6690.TW
開始判讀第 1312 個，代號 6698.TW
開始判讀第 1313 個，代號 4439.TW
開始判讀第 1314 個，代號 6592.TW
開始判讀第 1315 個，代號 6715.TW
開始判讀第 1316 個，代號 6706.TW
開始判讀第 1317 個，代號 6527.TW
開始判讀第 1318 個，代號 6697.TW
開始判讀第 1319 個，代號 4580.TW
開始判讀第 1320 個，代號 3597.TW
開始判讀第 1321 個，代號 4581.TW
開始判讀第 1322 個，代號 6716.TW
開始判讀第 1323 個，代號 3543.TW
開始判讀第 1324 個，代號 8284.TW
開始判讀第 1325 個，代號 5546.TW
開始判讀第 1326 個，代號 6754.TW
開始判讀第 1327 個，代號 2241.TW
開始判讀第 1328 個，代號 2754.TW
開始判讀第 1329 個，代號 2247.TW
開始判讀第 1330 個，代號 7556.TW
開始判讀第 1331 個，代號 4945.TW
開始判讀第 1332 個，代號 1342.TW
開始判讀第 1333 個，代號 6727.TW
開始判讀第 1334 個，代號 6752.TW
開始判讀第 1335 個，代號 3138.TW
開始判讀第 1336 個，代號 6743.TW
開始判讀第 1337 個，代號 2755.TW
開始判讀第 1338 個，代號 6762.TW
開始判讀第 1339 個，代號 6756.TW
開始判讀第 1340 個，代號 6751.TW
開始判讀第 1341 個，代號 6728.TW
開始判讀第 1342 個，代號 6747.TW
開始判讀第 1343 個，代號 6515.TW
開始判讀第 1344 個，代號 6661.TW
開始判讀第 1345 個，代號 6651.TW
開始判讀第 1346 個，代號 6781.TW
開始判讀第 1347 個，代號 6776.TW
開始判讀第 1348 個，代號 8089.TW
開始判讀第 1349 個，代號 2211.TW
開始判讀第 1350 個，代號 6768.TW
開始判讀第 1351 個，代號 2947.TW
開始判讀第 1352 個，代號 6732.TW
開始判讀第 1353 個，代號 2250.TW
開始判讀第 1354 個，代號 5236.TW
開始判讀第 1355 個，代號 2753.TW
開始判讀第 1356 個，代號 6790.TW
開始判讀第 1357 個，代號 6788.TW
2021-11-04 12:25:17.260794 重組欄位
2021-11-04 12:25:17.291029 寫入資料庫
Traceback (most recent call last):
  File "/root/anaconda3/envs/tanji/lib/python3.7/site-packages/sqlalchemy/engine/base.py", line 3240, in _wrap_pool_connect
    return fn()
  File "/root/anaconda3/envs/tanji/lib/python3.7/site-packages/sqlalchemy/pool/base.py", line 310, in connect
    return _ConnectionFairy._checkout(self)
  File "/root/anaconda3/envs/tanji/lib/python3.7/site-packages/sqlalchemy/pool/base.py", line 868, in _checkout
    fairy = _ConnectionRecord.checkout(pool)
  File "/root/anaconda3/envs/tanji/lib/python3.7/site-packages/sqlalchemy/pool/base.py", line 476, in checkout
    rec = pool._do_get()
  File "/root/anaconda3/envs/tanji/lib/python3.7/site-packages/sqlalchemy/pool/impl.py", line 146, in _do_get
    self._dec_overflow()
  File "/root/anaconda3/envs/tanji/lib/python3.7/site-packages/sqlalchemy/util/langhelpers.py", line 72, in __exit__
    with_traceback=exc_tb,
  File "/root/anaconda3/envs/tanji/lib/python3.7/site-packages/sqlalchemy/util/compat.py", line 207, in raise_
    raise exception
  File "/root/anaconda3/envs/tanji/lib/python3.7/site-packages/sqlalchemy/pool/impl.py", line 143, in _do_get
    return self._create_connection()
  File "/root/anaconda3/envs/tanji/lib/python3.7/site-packages/sqlalchemy/pool/base.py", line 256, in _create_connection
    return _ConnectionRecord(self)
  File "/root/anaconda3/envs/tanji/lib/python3.7/site-packages/sqlalchemy/pool/base.py", line 371, in __init__
    self.__connect()
  File "/root/anaconda3/envs/tanji/lib/python3.7/site-packages/sqlalchemy/pool/base.py", line 666, in __connect
    pool.logger.debug("Error on connect(): %s", e)
  File "/root/anaconda3/envs/tanji/lib/python3.7/site-packages/sqlalchemy/util/langhelpers.py", line 72, in __exit__
    with_traceback=exc_tb,
  File "/root/anaconda3/envs/tanji/lib/python3.7/site-packages/sqlalchemy/util/compat.py", line 207, in raise_
    raise exception
  File "/root/anaconda3/envs/tanji/lib/python3.7/site-packages/sqlalchemy/pool/base.py", line 661, in __connect
    self.dbapi_connection = connection = pool._invoke_creator(self)
  File "/root/anaconda3/envs/tanji/lib/python3.7/site-packages/sqlalchemy/engine/create.py", line 590, in connect
    return dialect.connect(*cargs, **cparams)
  File "/root/anaconda3/envs/tanji/lib/python3.7/site-packages/sqlalchemy/engine/default.py", line 584, in connect
    return self.dbapi.connect(*cargs, **cparams)
  File "/root/anaconda3/envs/tanji/lib/python3.7/site-packages/psycopg2/__init__.py", line 122, in connect
    conn = _connect(dsn, connection_factory=connection_factory, **kwasync)
psycopg2.OperationalError: could not connect to server: Connection timed out
	Is the server running on host "34.81.198.238" and accepting
	TCP/IP connections on port 5432?


The above exception was the direct cause of the following exception:

Traceback (most recent call last):
  File "stock_list_stats.py", line 292, in <module>
    df.to_sql('stock_list_stats', engine, if_exists='replace',index=False,method='multi')
  File "/root/anaconda3/envs/tanji/lib/python3.7/site-packages/pandas/core/generic.py", line 2882, in to_sql
    method=method,
  File "/root/anaconda3/envs/tanji/lib/python3.7/site-packages/pandas/io/sql.py", line 728, in to_sql
    **engine_kwargs,
  File "/root/anaconda3/envs/tanji/lib/python3.7/site-packages/pandas/io/sql.py", line 1758, in to_sql
    dtype=dtype,
  File "/root/anaconda3/envs/tanji/lib/python3.7/site-packages/pandas/io/sql.py", line 1650, in prep_table
    table.create()
  File "/root/anaconda3/envs/tanji/lib/python3.7/site-packages/pandas/io/sql.py", line 856, in create
    if self.exists():
  File "/root/anaconda3/envs/tanji/lib/python3.7/site-packages/pandas/io/sql.py", line 840, in exists
    return self.pd_sql.has_table(self.name, self.schema)
  File "/root/anaconda3/envs/tanji/lib/python3.7/site-packages/pandas/io/sql.py", line 1783, in has_table
    insp = sa.inspect(self.connectable)
  File "/root/anaconda3/envs/tanji/lib/python3.7/site-packages/sqlalchemy/inspection.py", line 64, in inspect
    ret = reg(subject)
  File "/root/anaconda3/envs/tanji/lib/python3.7/site-packages/sqlalchemy/engine/reflection.py", line 182, in _engine_insp
    return Inspector._construct(Inspector._init_engine, bind)
  File "/root/anaconda3/envs/tanji/lib/python3.7/site-packages/sqlalchemy/engine/reflection.py", line 117, in _construct
    init(self, bind)
  File "/root/anaconda3/envs/tanji/lib/python3.7/site-packages/sqlalchemy/engine/reflection.py", line 128, in _init_engine
    engine.connect().close()
  File "/root/anaconda3/envs/tanji/lib/python3.7/site-packages/sqlalchemy/engine/base.py", line 3194, in connect
    return self._connection_cls(self, close_with_result=close_with_result)
  File "/root/anaconda3/envs/tanji/lib/python3.7/site-packages/sqlalchemy/engine/base.py", line 96, in __init__
    else engine.raw_connection()
  File "/root/anaconda3/envs/tanji/lib/python3.7/site-packages/sqlalchemy/engine/base.py", line 3273, in raw_connection
    return self._wrap_pool_connect(self.pool.connect, _connection)
  File "/root/anaconda3/envs/tanji/lib/python3.7/site-packages/sqlalchemy/engine/base.py", line 3244, in _wrap_pool_connect
    e, dialect, self
  File "/root/anaconda3/envs/tanji/lib/python3.7/site-packages/sqlalchemy/engine/base.py", line 2098, in _handle_dbapi_exception_noconnection
    sqlalchemy_exception, with_traceback=exc_info[2], from_=e
  File "/root/anaconda3/envs/tanji/lib/python3.7/site-packages/sqlalchemy/util/compat.py", line 207, in raise_
    raise exception
  File "/root/anaconda3/envs/tanji/lib/python3.7/site-packages/sqlalchemy/engine/base.py", line 3240, in _wrap_pool_connect
    return fn()
  File "/root/anaconda3/envs/tanji/lib/python3.7/site-packages/sqlalchemy/pool/base.py", line 310, in connect
    return _ConnectionFairy._checkout(self)
  File "/root/anaconda3/envs/tanji/lib/python3.7/site-packages/sqlalchemy/pool/base.py", line 868, in _checkout
    fairy = _ConnectionRecord.checkout(pool)
  File "/root/anaconda3/envs/tanji/lib/python3.7/site-packages/sqlalchemy/pool/base.py", line 476, in checkout
    rec = pool._do_get()
  File "/root/anaconda3/envs/tanji/lib/python3.7/site-packages/sqlalchemy/pool/impl.py", line 146, in _do_get
    self._dec_overflow()
  File "/root/anaconda3/envs/tanji/lib/python3.7/site-packages/sqlalchemy/util/langhelpers.py", line 72, in __exit__
    with_traceback=exc_tb,
  File "/root/anaconda3/envs/tanji/lib/python3.7/site-packages/sqlalchemy/util/compat.py", line 207, in raise_
    raise exception
  File "/root/anaconda3/envs/tanji/lib/python3.7/site-packages/sqlalchemy/pool/impl.py", line 143, in _do_get
    return self._create_connection()
  File "/root/anaconda3/envs/tanji/lib/python3.7/site-packages/sqlalchemy/pool/base.py", line 256, in _create_connection
    return _ConnectionRecord(self)
  File "/root/anaconda3/envs/tanji/lib/python3.7/site-packages/sqlalchemy/pool/base.py", line 371, in __init__
    self.__connect()
  File "/root/anaconda3/envs/tanji/lib/python3.7/site-packages/sqlalchemy/pool/base.py", line 666, in __connect
    pool.logger.debug("Error on connect(): %s", e)
  File "/root/anaconda3/envs/tanji/lib/python3.7/site-packages/sqlalchemy/util/langhelpers.py", line 72, in __exit__
    with_traceback=exc_tb,
  File "/root/anaconda3/envs/tanji/lib/python3.7/site-packages/sqlalchemy/util/compat.py", line 207, in raise_
    raise exception
  File "/root/anaconda3/envs/tanji/lib/python3.7/site-packages/sqlalchemy/pool/base.py", line 661, in __connect
    self.dbapi_connection = connection = pool._invoke_creator(self)
  File "/root/anaconda3/envs/tanji/lib/python3.7/site-packages/sqlalchemy/engine/create.py", line 590, in connect
    return dialect.connect(*cargs, **cparams)
  File "/root/anaconda3/envs/tanji/lib/python3.7/site-packages/sqlalchemy/engine/default.py", line 584, in connect
    return self.dbapi.connect(*cargs, **cparams)
  File "/root/anaconda3/envs/tanji/lib/python3.7/site-packages/psycopg2/__init__.py", line 122, in connect
    conn = _connect(dsn, connection_factory=connection_factory, **kwasync)
sqlalchemy.exc.OperationalError: (psycopg2.OperationalError) could not connect to server: Connection timed out
	Is the server running on host "34.81.198.238" and accepting
	TCP/IP connections on port 5432?

(Background on this error at: https://sqlalche.me/e/14/e3q8)
2021-11-04 12:37:11.912158 排程開始
2021-11-04 12:37:16.527236 資料爬取成功
2021-11-04 12:37:16.527272 計算五線譜
開始判讀第 0 個，代號 1101.TW
開始判讀第 1 個，代號 1102.TW
開始判讀第 2 個，代號 1103.TW
開始判讀第 3 個，代號 1104.TW
開始判讀第 4 個，代號 1201.TW
開始判讀第 5 個，代號 1203.TW
開始判讀第 6 個，代號 1210.TW
開始判讀第 7 個，代號 1215.TW
開始判讀第 8 個，代號 1216.TW
開始判讀第 9 個，代號 1219.TW
開始判讀第 10 個，代號 1220.TW
開始判讀第 11 個，代號 1225.TW
開始判讀第 12 個，代號 1233.TW
開始判讀第 13 個，代號 1236.TW
開始判讀第 14 個，代號 1301.TW
開始判讀第 15 個，代號 1303.TW
開始判讀第 16 個，代號 1304.TW
開始判讀第 17 個，代號 1305.TW
開始判讀第 18 個，代號 1307.TW
開始判讀第 19 個，代號 1308.TW
開始判讀第 20 個，代號 1309.TW
開始判讀第 21 個，代號 1310.TW
開始判讀第 22 個，代號 1312.TW
開始判讀第 23 個，代號 1313.TW
開始判讀第 24 個，代號 1315.TW
開始判讀第 25 個，代號 1319.TW
開始判讀第 26 個，代號 1325.TW
開始判讀第 27 個，代號 1326.TW
開始判讀第 28 個，代號 1402.TW
開始判讀第 29 個，代號 1409.TW
開始判讀第 30 個，代號 1410.TW
開始判讀第 31 個，代號 1414.TW
開始判讀第 32 個，代號 1416.TW
開始判讀第 33 個，代號 1417.TW
開始判讀第 34 個，代號 1419.TW
開始判讀第 35 個，代號 1423.TW
開始判讀第 36 個，代號 1434.TW
開始判讀第 37 個，代號 1445.TW
開始判讀第 38 個，代號 1451.TW
開始判讀第 39 個，代號 1452.TW
開始判讀第 40 個，代號 1454.TW
開始判讀第 41 個，代號 1457.TW
開始判讀第 42 個，代號 1464.TW
開始判讀第 43 個，代號 1474.TW
開始判讀第 44 個，代號 1504.TW
開始判讀第 45 個，代號 1507.TW
開始判讀第 46 個，代號 1513.TW
開始判讀第 47 個，代號 1514.TW
開始判讀第 48 個，代號 1516.TW
開始判讀第 49 個，代號 1517.TW
開始判讀第 50 個，代號 1522.TW
開始判讀第 51 個，代號 4721.TW
開始判讀第 52 個，代號 1526.TW
開始判讀第 53 個，代號 1527.TW
開始判讀第 54 個，代號 1529.TW
開始判讀第 55 個，代號 1532.TW
開始判讀第 56 個，代號 1535.TW
開始判讀第 57 個，代號 1536.TW
開始判讀第 58 個，代號 1565.TW
開始判讀第 59 個，代號 1604.TW
開始判讀第 60 個，代號 1605.TW
開始判讀第 61 個，代號 1608.TW
開始判讀第 62 個，代號 1609.TW
開始判讀第 63 個，代號 1611.TW
開始判讀第 64 個，代號 1612.TW
開始判讀第 65 個，代號 1618.TW
開始判讀第 66 個，代號 1701.TW
開始判讀第 67 個，代號 1702.TW
開始判讀第 68 個，代號 1707.TW
開始判讀第 69 個，代號 1708.TW
開始判讀第 70 個，代號 1709.TW
開始判讀第 71 個，代號 1711.TW
開始判讀第 72 個，代號 1712.TW
開始判讀第 73 個，代號 1713.TW
開始判讀第 74 個，代號 1714.TW
開始判讀第 75 個，代號 1717.TW
開始判讀第 76 個，代號 1718.TW
開始判讀第 77 個，代號 1721.TW
開始判讀第 78 個，代號 1722.TW
開始判讀第 79 個，代號 1731.TW
開始判讀第 80 個，代號 1734.TW
開始判讀第 81 個，代號 1737.TW
開始判讀第 82 個，代號 1776.TW
開始判讀第 83 個，代號 1777.TW
開始判讀第 84 個，代號 1802.TW
開始判讀第 85 個，代號 1904.TW
開始判讀第 86 個，代號 1906.TW
開始判讀第 87 個，代號 1907.TW
開始判讀第 88 個，代號 1909.TW
開始判讀第 89 個，代號 2002.TW
開始判讀第 90 個，代號 2006.TW
開始判讀第 91 個，代號 2009.TW
開始判讀第 92 個，代號 2012.TW
開始判讀第 93 個，代號 2013.TW
開始判讀第 94 個，代號 2014.TW
開始判讀第 95 個，代號 2015.TW
開始判讀第 96 個，代號 2017.TW
開始判讀第 97 個，代號 2024.TW
開始判讀第 98 個，代號 2029.TW
開始判讀第 99 個，代號 2030.TW
開始判讀第 100 個，代號 2031.TW
開始判讀第 101 個，代號 2032.TW
開始判讀第 102 個，代號 2033.TW
開始判讀第 103 個，代號 2101.TW
開始判讀第 104 個，代號 2102.TW
開始判讀第 105 個，代號 2103.TW
開始判讀第 106 個，代號 2104.TW
開始判讀第 107 個，代號 2105.TW
開始判讀第 108 個，代號 2107.TW
開始判讀第 109 個，代號 2108.TW
開始判讀第 110 個，代號 2109.TW
開始判讀第 111 個，代號 2204.TW
開始判讀第 112 個，代號 2206.TW
開始判讀第 113 個，代號 2227.TW
開始判讀第 114 個，代號 2302.TW
開始判讀第 115 個，代號 2303.TW
開始判讀第 116 個，代號 2312.TW
開始判讀第 117 個，代號 2316.TW
開始判讀第 118 個，代號 2323.TW
開始判讀第 119 個，代號 2324.TW
開始判讀第 120 個，代號 2327.TW
開始判讀第 121 個，代號 2330.TW
開始判讀第 122 個，代號 2332.TW
開始判讀第 123 個，代號 2337.TW
開始判讀第 124 個，代號 2338.TW
開始判讀第 125 個，代號 2340.TW
開始判讀第 126 個，代號 2342.TW
開始判讀第 127 個，代號 2344.TW
開始判讀第 128 個，代號 2348.TW
開始判讀第 129 個，代號 5206.TW
開始判讀第 130 個，代號 2352.TW
開始判讀第 131 個，代號 2353.TW
開始判讀第 132 個，代號 2355.TW
開始判讀第 133 個，代號 2359.TW
開始判讀第 134 個，代號 2362.TW
開始判讀第 135 個，代號 2363.TW
開始判讀第 136 個，代號 2365.TW
開始判讀第 137 個，代號 2368.TW
開始判讀第 138 個，代號 2374.TW
開始判讀第 139 個，代號 2375.TW
開始判讀第 140 個，代號 2376.TW
開始判讀第 141 個，代號 2377.TW
開始判讀第 142 個，代號 2379.TW
開始判讀第 143 個，代號 2383.TW
開始判讀第 144 個，代號 2388.TW
開始判讀第 145 個，代號 2393.TW
開始判讀第 146 個，代號 2401.TW
開始判讀第 147 個，代號 2409.TW
開始判讀第 148 個，代號 2412.TW
開始判讀第 149 個，代號 2414.TW
開始判讀第 150 個，代號 2419.TW
開始判讀第 151 個，代號 2421.TW
開始判讀第 152 個，代號 2425.TW
開始判讀第 153 個，代號 2426.TW
開始判讀第 154 個，代號 2431.TW
開始判讀第 155 個，代號 2436.TW
開始判讀第 156 個，代號 2441.TW
開始判讀第 157 個，代號 2449.TW
開始判讀第 158 個，代號 2454.TW
開始判讀第 159 個，代號 2456.TW
開始判讀第 160 個，代號 2458.TW
開始判讀第 161 個，代號 2459.TW
開始判讀第 162 個，代號 2462.TW
開始判讀第 163 個，代號 2464.TW
開始判讀第 164 個，代號 2467.TW
開始判讀第 165 個，代號 2478.TW
開始判讀第 166 個，代號 2484.TW
開始判讀第 167 個，代號 2491.TW
開始判讀第 168 個，代號 2492.TW
開始判讀第 169 個，代號 2493.TW
開始判讀第 170 個，代號 2504.TW
開始判讀第 171 個，代號 2505.TW
開始判讀第 172 個，代號 2506.TW
開始判讀第 173 個，代號 2511.TW
開始判讀第 174 個，代號 2515.TW
開始判讀第 175 個，代號 2520.TW
開始判讀第 176 個，代號 2527.TW
開始判讀第 177 個，代號 2534.TW
開始判讀第 178 個，代號 2535.TW
開始判讀第 179 個，代號 2542.TW
開始判讀第 180 個，代號 2545.TW
開始判讀第 181 個，代號 2546.TW
開始判讀第 182 個，代號 2547.TW
開始判讀第 183 個，代號 2603.TW
開始判讀第 184 個，代號 2605.TW
開始判讀第 185 個，代號 2606.TW
開始判讀第 186 個，代號 2607.TW
開始判讀第 187 個，代號 2608.TW
開始判讀第 188 個，代號 2612.TW
開始判讀第 189 個，代號 2613.TW
開始判讀第 190 個，代號 2614.TW
開始判讀第 191 個，代號 2615.TW
開始判讀第 192 個，代號 2616.TW
開始判讀第 193 個，代號 2617.TW
開始判讀第 194 個，代號 2630.TW
開始判讀第 195 個，代號 2801.TW
開始判讀第 196 個，代號 2812.TW
開始判讀第 197 個，代號 2816.TW
開始判讀第 198 個，代號 2820.TW
開始判讀第 199 個，代號 2823.TW
開始判讀第 200 個，代號 2832.TW
開始判讀第 201 個，代號 2838.TW
開始判讀第 202 個，代號 2845.TW
開始判讀第 203 個，代號 2849.TW
開始判讀第 204 個，代號 2852.TW
開始判讀第 205 個，代號 2855.TW
開始判讀第 206 個，代號 2880.TW
開始判讀第 207 個，代號 2883.TW
開始判讀第 208 個，代號 2884.TW
開始判讀第 209 個，代號 2885.TW
開始判讀第 210 個，代號 2886.TW
開始判讀第 211 個，代號 2887.TW
開始判讀第 212 個，代號 2888.TW
開始判讀第 213 個，代號 2889.TW
開始判讀第 214 個，代號 2890.TW
開始判讀第 215 個，代號 2891.TW
開始判讀第 216 個，代號 2892.TW
開始判讀第 217 個，代號 2901.TW
開始判讀第 218 個，代號 2903.TW
開始判讀第 219 個，代號 2904.TW
開始判讀第 220 個，代號 2908.TW
開始判讀第 221 個，代號 2915.TW
開始判讀第 222 個，代號 3004.TW
開始判讀第 223 個，代號 3005.TW
開始判讀第 224 個，代號 3006.TW
開始判讀第 225 個，代號 3010.TW
開始判讀第 226 個，代號 3013.TW
開始判讀第 227 個，代號 3016.TW
開始判讀第 228 個，代號 3019.TW
開始判讀第 229 個，代號 3023.TW
開始判讀第 230 個，代號 3024.TW
開始判讀第 231 個，代號 3025.TW
開始判讀第 232 個，代號 3026.TW
開始判讀第 233 個，代號 3029.TW
開始判讀第 234 個，代號 3033.TW
開始判讀第 235 個，代號 3034.TW
開始判讀第 236 個，代號 3035.TW
開始判讀第 237 個，代號 3036.TW
開始判讀第 238 個，代號 3037.TW
開始判讀第 239 個，代號 3038.TW
開始判讀第 240 個，代號 3040.TW
開始判讀第 241 個，代號 3042.TW
開始判讀第 242 個，代號 3047.TW
開始判讀第 243 個，代號 3049.TW
開始判讀第 244 個，代號 3050.TW
開始判讀第 245 個，代號 3059.TW
開始判讀第 246 個，代號 3062.TW
開始判讀第 247 個，代號 3071.TW
開始判讀第 248 個，代號 3078.TW
開始判讀第 249 個，代號 3090.TW
開始判讀第 250 個，代號 3118.TW
開始判讀第 251 個，代號 3188.TW
開始判讀第 252 個，代號 3211.TW
開始判讀第 253 個，代號 3218.TW
開始判讀第 254 個，代號 3227.TW
開始判讀第 255 個，代號 3236.TW
開始判讀第 256 個，代號 3260.TW
開始判讀第 257 個，代號 3264.TW
開始判讀第 258 個，代號 3268.TW
開始判讀第 259 個，代號 3289.TW
開始判讀第 260 個，代號 3306.TW
開始判讀第 261 個，代號 3317.TW
開始判讀第 262 個，代號 3323.TW
開始判讀第 263 個，代號 3324.TW
開始判讀第 264 個，代號 3332.TW
開始判讀第 265 個，代號 3354.TW
開始判讀第 266 個，代號 3702.TW
開始判讀第 267 個，代號 3379.TW
開始判讀第 268 個，代號 3438.TW
開始判讀第 269 個，代號 3450.TW
開始判讀第 270 個，代號 3454.TW
開始判讀第 271 個，代號 3483.TW
開始判讀第 272 個，代號 3556.TW
開始判讀第 273 個，代號 3605.TW
開始判讀第 274 個，代號 4102.TW
開始判讀第 275 個，代號 4104.TW
開始判讀第 276 個，代號 4105.TW
開始判讀第 277 個，代號 4111.TW
開始判讀第 278 個，代號 4114.TW
開始判讀第 279 個，代號 4121.TW
開始判讀第 280 個，代號 4128.TW
開始判讀第 281 個，代號 4129.TW
開始判讀第 282 個，代號 4205.TW
開始判讀第 283 個，代號 4303.TW
開始判讀第 284 個，代號 4401.TW
開始判讀第 285 個，代號 4535.TW
開始判讀第 286 個，代號 4707.TW
開始判讀第 287 個，代號 4716.TW
開始判讀第 288 個，代號 4722.TW
開始判讀第 289 個，代號 4904.TW
開始判讀第 290 個，代號 4905.TW
開始判讀第 291 個，代號 5007.TW
開始判讀第 292 個，代號 5009.TW
開始判讀第 293 個，代號 5013.TW
開始判讀第 294 個，代號 5209.TW
開始判讀第 295 個，代號 5306.TW
開始判讀第 296 個，代號 5315.TW
開始判讀第 297 個，代號 5356.TW
開始判讀第 298 個，代號 5371.TW
開始判讀第 299 個，代號 5425.TW
開始判讀第 300 個，代號 5438.TW
開始判讀第 301 個，代號 5439.TW
開始判讀第 302 個，代號 5443.TW
開始判讀第 303 個，代號 5452.TW
開始判讀第 304 個，代號 5457.TW
開始判讀第 305 個，代號 5460.TW
開始判讀第 306 個，代號 5478.TW
開始判讀第 307 個，代號 5483.TW
開始判讀第 308 個，代號 5490.TW
開始判讀第 309 個，代號 5498.TW
開始判讀第 310 個，代號 5511.TW
開始判讀第 311 個，代號 5512.TW
開始判讀第 312 個，代號 5514.TW
開始判讀第 313 個，代號 5515.TW
開始判讀第 314 個，代號 5521.TW
開始判讀第 315 個，代號 5522.TW
開始判讀第 316 個，代號 5523.TW
開始判讀第 317 個，代號 5604.TW
開始判讀第 318 個，代號 5609.TW
開始判讀第 319 個，代號 5820.TW
開始判讀第 320 個，代號 5905.TW
開始判讀第 321 個，代號 6005.TW
開始判讀第 322 個，代號 4935.TW
開始判讀第 323 個，代號 6015.TW
開始判讀第 324 個，代號 6016.TW
開始判讀第 325 個，代號 6023.TW
開始判讀第 326 個，代號 6104.TW
開始判讀第 327 個，代號 6108.TW
開始判讀第 328 個，代號 6111.TW
開始判讀第 329 個，代號 6112.TW
開始判讀第 330 個，代號 6116.TW
開始判讀第 331 個，代號 6122.TW
開始判讀第 332 個，代號 6146.TW
開始判讀第 333 個，代號 6147.TW
開始判讀第 334 個，代號 6150.TW
開始判讀第 335 個，代號 6156.TW
開始判讀第 336 個，代號 6158.TW
開始判讀第 337 個，代號 6161.TW
開始判讀第 338 個，代號 6170.TW
開始判讀第 339 個，代號 6176.TW
開始判讀第 340 個，代號 6177.TW
開始判讀第 341 個，代號 6180.TW
開始判讀第 342 個，代號 6182.TW
開始判讀第 343 個，代號 6183.TW
開始判讀第 344 個，代號 6186.TW
開始判讀第 345 個，代號 6187.TW
開始判讀第 346 個，代號 6188.TW
開始判讀第 347 個，代號 6190.TW
開始判讀第 348 個，代號 6201.TW
開始判讀第 349 個，代號 6202.TW
開始判讀第 350 個，代號 6204.TW
開始判讀第 351 個，代號 6207.TW
開始判讀第 352 個，代號 6208.TW
開始判讀第 353 個，代號 6213.TW
開始判讀第 354 個，代號 6214.TW
開始判讀第 355 個，代號 6224.TW
開始判讀第 356 個，代號 6227.TW
開始判讀第 357 個，代號 6234.TW
開始判讀第 358 個，代號 6235.TW
開始判讀第 359 個，代號 6237.TW
開始判讀第 360 個，代號 6244.TW
開始判讀第 361 個，代號 6248.TW
開始判讀第 362 個，代號 6257.TW
開始判讀第 363 個，代號 6277.TW
開始判讀第 364 個，代號 6278.TW
開始判讀第 365 個，代號 6284.TW
開始判讀第 366 個，代號 6290.TW
開始判讀第 367 個，代號 6294.TW
開始判讀第 368 個，代號 6504.TW
開始判讀第 369 個，代號 6505.TW
開始判讀第 370 個，代號 6509.TW
開始判讀第 371 個，代號 6609.TW
開始判讀第 372 個，代號 8049.TW
開始判讀第 373 個，代號 8050.TW
開始判讀第 374 個，代號 8071.TW
開始判讀第 375 個，代號 8076.TW
開始判讀第 376 個，代號 8088.TW
開始判讀第 377 個，代號 8096.TW
開始判讀第 378 個，代號 8099.TW
開始判讀第 379 個，代號 8103.TW
開始判讀第 380 個，代號 8111.TW
開始判讀第 381 個，代號 8112.TW
開始判讀第 382 個，代號 8183.TW
開始判讀第 383 個，代號 8240.TW
開始判讀第 384 個，代號 8249.TW
開始判讀第 385 個，代號 8261.TW
開始判讀第 386 個，代號 8299.TW
開始判讀第 387 個，代號 8349.TW
開始判讀第 388 個，代號 8354.TW
開始判讀第 389 個，代號 8908.TW
開始判讀第 390 個，代號 8917.TW
開始判讀第 391 個，代號 8921.TW
開始判讀第 392 個，代號 8931.TW
開始判讀第 393 個，代號 8936.TW
開始判讀第 394 個，代號 9902.TW
開始判讀第 395 個，代號 9904.TW
開始判讀第 396 個，代號 9905.TW
開始判讀第 397 個，代號 9907.TW
開始判讀第 398 個，代號 9908.TW
開始判讀第 399 個，代號 9911.TW
開始判讀第 400 個，代號 9914.TW
開始判讀第 401 個，代號 9917.TW
開始判讀第 402 個，代號 9918.TW
開始判讀第 403 個，代號 9919.TW
開始判讀第 404 個，代號 9921.TW
開始判讀第 405 個，代號 9925.TW
開始判讀第 406 個，代號 9926.TW
開始判讀第 407 個，代號 9927.TW
開始判讀第 408 個，代號 9929.TW
開始判讀第 409 個，代號 9930.TW
開始判讀第 410 個，代號 9931.TW
開始判讀第 411 個，代號 9935.TW
開始判讀第 412 個，代號 9937.TW
開始判讀第 413 個，代號 9938.TW
開始判讀第 414 個，代號 9940.TW
開始判讀第 415 個，代號 9942.TW
開始判讀第 416 個，代號 9943.TW
開始判讀第 417 個，代號 9944.TW
開始判讀第 418 個，代號 9945.TW
開始判讀第 419 個，代號 9946.TW
開始判讀第 420 個，代號 1733.TW
開始判讀第 421 個，代號 8163.TW
開始判讀第 422 個，代號 3527.TW
開始判讀第 423 個，代號 3014.TW
開始判讀第 424 個，代號 8054.TW
開始判讀第 425 個，代號 3128.TW
開始判讀第 426 個，代號 1440.TW
開始判讀第 427 個，代號 2313.TW
開始判讀第 428 個，代號 1234.TW
開始判讀第 429 個，代號 1723.TW
開始判讀第 430 個，代號 1785.TW
開始判讀第 431 個，代號 3213.TW
開始判讀第 432 個，代號 6197.TW
開始判讀第 433 個，代號 4906.TW
開始判讀第 434 個，代號 6171.TW
開始判讀第 435 個，代號 3402.TW
開始判讀第 436 個，代號 2420.TW
開始判讀第 437 個，代號 3303.TW
開始判讀第 438 個，代號 2020.TW
開始判讀第 439 個，代號 1795.TW
開始判讀第 440 個，代號 5410.TW
開始判讀第 441 個，代號 5907.TW
開始判讀第 442 個，代號 6189.TW
開始判讀第 443 個，代號 2049.TW
開始判讀第 444 個，代號 3221.TW
開始判讀第 445 個，代號 6136.TW
開始判讀第 446 個，代號 4306.TW
開始判讀第 447 個，代號 2597.TW
開始判讀第 448 個，代號 3094.TW
開始判讀第 449 個，代號 4908.TW
開始判讀第 450 個，代號 3305.TW
開始判讀第 451 個，代號 1541.TW
開始判讀第 452 個，代號 3217.TW
開始判讀第 453 個，代號 1540.TW
開始判讀第 454 個，代號 5015.TW
開始判讀第 455 個，代號 1476.TW
開始判讀第 456 個，代號 3537.TW
開始判讀第 457 個，代號 2851.TW
開始判讀第 458 個，代號 3045.TW
開始判讀第 459 個，代號 2399.TW
開始判讀第 460 個，代號 2430.TW
開始判讀第 461 個，代號 1477.TW
開始判讀第 462 個，代號 3444.TW
開始判讀第 463 個，代號 2850.TW
開始判讀第 464 個，代號 6194.TW
開始判讀第 465 個，代號 3312.TW
開始判讀第 466 個，代號 8210.TW
開始判讀第 467 個，代號 9924.TW
開始判讀第 468 個，代號 3501.TW
開始判讀第 469 個，代號 6154.TW
開始判讀第 470 個，代號 8924.TW
開始判讀第 471 個，代號 2450.TW
開始判讀第 472 個，代號 6281.TW
開始判讀第 473 個，代號 6218.TW
開始判讀第 474 個，代號 2027.TW
開始判讀第 475 個，代號 2905.TW
開始判讀第 476 個，代號 1735.TW
開始判讀第 477 個，代號 3048.TW
開始判讀第 478 個，代號 6184.TW
開始判讀第 479 個，代號 3028.TW
開始判讀第 480 個，代號 8928.TW
開始判讀第 481 個，代號 6128.TW
開始判讀第 482 個，代號 5520.TW
開始判讀第 483 個，代號 9941.TW
開始判讀第 484 個，代號 3551.TW
開始判讀第 485 個，代號 1773.TW
開始判讀第 486 個，代號 6024.TW
開始判讀第 487 個，代號 8114.TW
開始判讀第 488 個，代號 8923.TW
開始判讀第 489 個，代號 4711.TW
開始判讀第 490 個，代號 2404.TW
開始判讀第 491 個，代號 8109.TW
開始判讀第 492 個，代號 5434.TW
開始判讀第 493 個，代號 2916.TW
開始判讀第 494 個，代號 1227.TW
開始判讀第 495 個，代號 5353.TW
開始判讀第 496 個，代號 1788.TW
開始判讀第 497 個，代號 2906.TW
開始判讀第 498 個，代號 2834.TW
開始判讀第 499 個，代號 6203.TW
開始判讀第 500 個，代號 3526.TW
開始判讀第 501 個，代號 8070.TW
開始判讀第 502 個，代號 8072.TW
開始判讀第 503 個，代號 8234.TW
開始判讀第 504 個，代號 2451.TW
開始判讀第 505 個，代號 9958.TW
開始判讀第 506 個，代號 2231.TW
開始判讀第 507 個，代號 3209.TW
開始判讀第 508 個，代號 1218.TW
開始判讀第 509 個，代號 3570.TW
開始判讀第 510 個，代號 2483.TW
開始判讀第 511 個，代號 6251.TW
開始判讀第 512 個，代號 1726.TW
開始判讀第 513 個，代號 4207.TW
開始判讀第 514 個，代號 6192.TW
開始判讀第 515 個，代號 5474.TW
開始判讀第 516 個，代號 4120.TW
開始判讀第 517 個，代號 2345.TW
開始判讀第 518 個，代號 4119.TW
開始判讀第 519 個，代號 2402.TW
開始判讀第 520 個，代號 5903.TW
開始判讀第 521 個，代號 1231.TW
開始判讀第 522 個，代號 1232.TW
開始判讀第 523 個，代號 2010.TW
開始判讀第 524 個，代號 4506.TW
開始判讀第 525 個，代號 2397.TW
開始判讀第 526 個，代號 3356.TW
開始判讀第 527 個，代號 3540.TW
開始判讀第 528 個，代號 6155.TW
開始判讀第 529 個，代號 2062.TW
開始判讀第 530 個，代號 6270.TW
開始判讀第 531 個，代號 3617.TW
開始判讀第 532 個，代號 6605.TW
開始判讀第 533 個，代號 3015.TW
開始判讀第 534 個，代號 2382.TW
開始判讀第 535 個，代號 2207.TW
開始判讀第 536 個，代號 2468.TW
開始判讀第 537 個，代號 6292.TW
開始判讀第 538 個，代號 1324.TW
開始判讀第 539 個，代號 1725.TW
開始判讀第 540 個，代號 6191.TW
開始判讀第 541 個，代號 8182.TW
開始判讀第 542 個，代號 8091.TW
開始判讀第 543 個，代號 8916.TW
開始判讀第 544 個，代號 1558.TW
開始判讀第 545 個，代號 6115.TW
開始判讀第 546 個，代號 3388.TW
開始判讀第 547 個，代號 6185.TW
開始判讀第 548 個，代號 6121.TW
開始判讀第 549 個，代號 6168.TW
開始判讀第 550 個，代號 4106.TW
開始判讀第 551 個，代號 5904.TW
開始判讀第 552 個，代號 3376.TW
開始判讀第 553 個，代號 8074.TW
開始判讀第 554 個，代號 1732.TW
開始判讀第 555 個，代號 2392.TW
開始判讀第 556 個，代號 6139.TW
開始判讀第 557 個，代號 1808.TW
開始判讀第 558 個，代號 5469.TW
開始判讀第 559 個，代號 8926.TW
開始判讀第 560 個，代號 5508.TW
開始判讀第 561 個，代號 5213.TW
開始判讀第 562 個，代號 2881.TW
開始判讀第 563 個，代號 2536.TW
開始判讀第 564 個，代號 2509.TW
開始判讀第 565 個，代號 1442.TW
開始判讀第 566 個，代號 5471.TW
開始判讀第 567 個，代號 2455.TW
開始判讀第 568 個，代號 1582.TW
開始判讀第 569 個，代號 1108.TW
開始判讀第 570 個，代號 1109.TW
開始判讀第 571 個，代號 1110.TW
開始判讀第 572 個，代號 1229.TW
開始判讀第 573 個，代號 1235.TW
開始判讀第 574 個，代號 1323.TW
開始判讀第 575 個，代號 1455.TW
開始判讀第 576 個，代號 1465.TW
開始判讀第 577 個，代號 1473.TW
開始判讀第 578 個，代號 1503.TW
開始判讀第 579 個，代號 1519.TW
開始判讀第 580 個，代號 1521.TW
開始判讀第 581 個，代號 1525.TW
開始判讀第 582 個，代號 1528.TW
開始判讀第 583 個，代號 1530.TW
開始判讀第 584 個，代號 1531.TW
開始判讀第 585 個，代號 1537.TW
開始判讀第 586 個，代號 1560.TW
開始判讀第 587 個，代號 1569.TW
開始判讀第 588 個，代號 1580.TW
開始判讀第 589 個，代號 1583.TW
開始判讀第 590 個，代號 1614.TW
開始判讀第 591 個，代號 1615.TW
開始判讀第 592 個，代號 1720.TW
開始判讀第 593 個，代號 1730.TW
開始判讀第 594 個，代號 1736.TW
開始判讀第 595 個，代號 1752.TW
開始判讀第 596 個，代號 1784.TW
開始判讀第 597 個，代號 1809.TW
開始判讀第 598 個，代號 2034.TW
開始判讀第 599 個，代號 2106.TW
開始判讀第 600 個，代號 2114.TW
開始判讀第 601 個，代號 2201.TW
開始判讀第 602 個，代號 2301.TW
開始判讀第 603 個，代號 2308.TW
開始判讀第 604 個，代號 2317.TW
開始判讀第 605 個，代號 2328.TW
開始判讀第 606 個，代號 2331.TW
開始判讀第 607 個，代號 2347.TW
開始判讀第 608 個，代號 2351.TW
開始判讀第 609 個，代號 2354.TW
開始判讀第 610 個，代號 2356.TW
開始判讀第 611 個，代號 2357.TW
開始判讀第 612 個，代號 2360.TW
開始判讀第 613 個，代號 2373.TW
開始判讀第 614 個，代號 2385.TW
開始判讀第 615 個，代號 2395.TW
開始判讀第 616 個，代號 2417.TW
開始判讀第 617 個，代號 2423.TW
開始判讀第 618 個，代號 2428.TW
開始判讀第 619 個，代號 2433.TW
開始判讀第 620 個，代號 2439.TW
開始判讀第 621 個，代號 2453.TW
開始判讀第 622 個，代號 2461.TW
開始判讀第 623 個，代號 2466.TW
開始判讀第 624 個，代號 2476.TW
開始判讀第 625 個，代號 3691.TW
開始判讀第 626 個，代號 2477.TW
開始判讀第 627 個，代號 2480.TW
開始判讀第 628 個，代號 2488.TW
開始判讀第 629 個，代號 2495.TW
開始判讀第 630 個，代號 2501.TW
開始判讀第 631 個，代號 2538.TW
開始判讀第 632 個，代號 2539.TW
開始判讀第 633 個，代號 2548.TW
開始判讀第 634 個，代號 2596.TW
開始判讀第 635 個，代號 2636.TW
開始判讀第 636 個，代號 2701.TW
開始判讀第 637 個，代號 2706.TW
開始判讀第 638 個，代號 2707.TW
開始判讀第 639 個，代號 2882.TW
開始判讀第 640 個，代號 2912.TW
開始判讀第 641 個，代號 3002.TW
開始判讀第 642 個，代號 5388.TW
開始判讀第 643 個，代號 5489.TW
開始判讀第 644 個，代號 8938.TW
開始判讀第 645 個，代號 5403.TW
開始判讀第 646 個，代號 3416.TW
開始判讀第 647 個，代號 8032.TW
開始判讀第 648 個，代號 3511.TW
開始判讀第 649 個，代號 8083.TW
開始判讀第 650 個，代號 8927.TW
開始判讀第 651 個，代號 8213.TW
開始判讀第 652 個，代號 3093.TW
開始判讀第 653 個，代號 4528.TW
開始判讀第 654 個，代號 8043.TW
開始判讀第 655 個，代號 6205.TW
開始判讀第 656 個，代號 3055.TW
開始判讀第 657 個，代號 4123.TW
開始判讀第 658 個，代號 6216.TW
開始判讀第 659 個，代號 3003.TW
開始判讀第 660 個，代號 3380.TW
開始判讀第 661 個，代號 8046.TW
開始判讀第 662 個，代號 3515.TW
開始判讀第 663 個，代號 3231.TW
開始判讀第 664 個，代號 3489.TW
開始判讀第 665 個，代號 3455.TW
開始判讀第 666 個，代號 6196.TW
開始判讀第 667 個，代號 3531.TW
開始判讀第 668 個，代號 3114.TW
開始判讀第 669 個，代號 6151.TW
開始判讀第 670 個，代號 3541.TW
開始判讀第 671 個，代號 6125.TW
開始判讀第 672 個，代號 6261.TW
開始判讀第 673 個，代號 4126.TW
開始判讀第 674 個，代號 3596.TW
開始判讀第 675 個，代號 3031.TW
開始判讀第 676 個，代號 6153.TW
開始判讀第 677 個，代號 9934.TW
開始判讀第 678 個，代號 3373.TW
開始判讀第 679 個，代號 8289.TW
開始判讀第 680 個，代號 4420.TW
開始判讀第 681 個，代號 5493.TW
開始判讀第 682 個，代號 6220.TW
開始判讀第 683 個，代號 6020.TW
開始判讀第 684 個，代號 8930.TW
開始判讀第 685 個，代號 4417.TW
開始判讀第 686 個，代號 6173.TW
開始判讀第 687 個，代號 5016.TW
開始判讀第 688 個，代號 5519.TW
開始判讀第 689 個，代號 8383.TW
開始判讀第 690 個，代號 5534.TW
開始判讀第 691 個，代號 8081.TW
開始判讀第 692 個，代號 8042.TW
開始判讀第 693 個，代號 4560.TW
開始判讀第 694 個，代號 3017.TW
開始判讀第 695 個，代號 6126.TW
開始判讀第 696 個，代號 3058.TW
開始判讀第 697 個，代號 6123.TW
開始判讀第 698 個，代號 6603.TW
開始判讀第 699 個，代號 3169.TW
開始判讀第 700 個，代號 3588.TW
開始判讀第 701 個，代號 4133.TW
開始判讀第 702 個，代號 8905.TW
開始判讀第 703 個，代號 3552.TW
開始判讀第 704 個，代號 3164.TW
開始判讀第 705 個，代號 6239.TW
開始判讀第 706 個，代號 9910.TW
開始判讀第 707 個，代號 5203.TW
開始判讀第 708 個，代號 3189.TW
開始判讀第 709 個，代號 8048.TW
開始判讀第 710 個，代號 3008.TW
開始判讀第 711 個，代號 3022.TW
開始判讀第 712 個，代號 3030.TW
開始判讀第 713 個，代號 3032.TW
開始判讀第 714 個，代號 3044.TW
開始判讀第 715 個，代號 3052.TW
開始判讀第 716 個，代號 3516.TW
開始判讀第 717 個，代號 3088.TW
開始判讀第 718 個，代號 3092.TW
開始判讀第 719 個，代號 3130.TW
開始判讀第 720 個，代號 3152.TW
開始判讀第 721 個，代號 3206.TW
開始判讀第 722 個，代號 3265.TW
開始判讀第 723 個，代號 3290.TW
開始判讀第 724 個，代號 3293.TW
開始判讀第 725 個，代號 3296.TW
開始判讀第 726 個，代號 3325.TW
開始判讀第 727 個，代號 3360.TW
開始判讀第 728 個，代號 3390.TW
開始判讀第 729 個，代號 3443.TW
開始判讀第 730 個，代號 3490.TW
開始判讀第 731 個，代號 3491.TW
開始判讀第 732 個，代號 3533.TW
開始判讀第 733 個，代號 3545.TW
開始判讀第 734 個，代號 3546.TW
開始判讀第 735 個，代號 3548.TW
開始判讀第 736 個，代號 3557.TW
開始判讀第 737 個，代號 2897.TW
開始判讀第 738 個，代號 3577.TW
開始判讀第 739 個，代號 3611.TW
開始判讀第 740 個，代號 3622.TW
開始判讀第 741 個，代號 3652.TW
開始判讀第 742 個，代號 3653.TW
開始判讀第 743 個，代號 4107.TW
開始判讀第 744 個，代號 4305.TW
開始判讀第 745 個，代號 4527.TW
開始判讀第 746 個，代號 4706.TW
開始判讀第 747 個，代號 4714.TW
開始判讀第 748 個，代號 4720.TW
開始判讀第 749 個，代號 4909.TW
開始判讀第 750 個，代號 5312.TW
開始判讀第 751 個，代號 5347.TW
開始判讀第 752 個，代號 5392.TW
開始判讀第 753 個，代號 5398.TW
開始判讀第 754 個，代號 5487.TW
開始判讀第 755 個，代號 5525.TW
開始判讀第 756 個，代號 5533.TW
開始判讀第 757 個，代號 5601.TW
開始判讀第 758 個，代號 5704.TW
開始判讀第 759 個，代號 5706.TW
開始判讀第 760 個，代號 6138.TW
開始判讀第 761 個，代號 6141.TW
開始判讀第 762 個，代號 6143.TW
開始判讀第 763 個，代號 6166.TW
開始判讀第 764 個，代號 6206.TW
開始判讀第 765 個，代號 6210.TW
開始判讀第 766 個，代號 6229.TW
開始判讀第 767 個，代號 6230.TW
開始判讀第 768 個，代號 6231.TW
開始判讀第 769 個，代號 6245.TW
開始判讀第 770 個，代號 6263.TW
開始判讀第 771 個，代號 6269.TW
開始判讀第 772 個，代號 6271.TW
開始判讀第 773 個，代號 6274.TW
開始判讀第 774 個，代號 6279.TW
開始判讀第 775 個，代號 6282.TW
開始判讀第 776 個，代號 6285.TW
開始判讀第 777 個，代號 6508.TW
開始判讀第 778 個，代號 8016.TW
開始判讀第 779 個，代號 8021.TW
開始判讀第 780 個，代號 8039.TW
開始判讀第 781 個，代號 8044.TW
開始判讀第 782 個，代號 8086.TW
開始判讀第 783 個，代號 8110.TW
開始判讀第 784 個，代號 8131.TW
開始判讀第 785 個，代號 8255.TW
開始判讀第 786 個，代號 8374.TW
開始判讀第 787 個，代號 8390.TW
開始判讀第 788 個，代號 8401.TW
開始判讀第 789 個，代號 8929.TW
開始判讀第 790 個，代號 8942.TW
開始判讀第 791 個，代號 9933.TW
開始判讀第 792 個，代號 9939.TW
開始判讀第 793 個，代號 9951.TW
開始判讀第 794 個，代號 9960.TW
開始判讀第 795 個，代號 2387.TW
開始判讀第 796 個，代號 3479.TW
開始判讀第 797 個，代號 6803.TW
開始判讀第 798 個，代號 5516.TW
開始判讀第 799 個，代號 2059.TW
開始判讀第 800 個，代號 2474.TW
開始判讀第 801 個，代號 3484.TW
開始判讀第 802 個，代號 1321.TW
開始判讀第 803 個，代號 1336.TW
開始判讀第 804 個，代號 1436.TW
開始判讀第 805 個，代號 1437.TW
開始判讀第 806 個，代號 1446.TW
開始判讀第 807 個，代號 1463.TW
開始判讀第 808 個，代號 1467.TW
開始判讀第 809 個，代號 1470.TW
開始判讀第 810 個，代號 1515.TW
開始判讀第 811 個，代號 1524.TW
開始判讀第 812 個，代號 1570.TW
開始判讀第 813 個，代號 1617.TW
開始判讀第 814 個，代號 1810.TW
開始判讀第 815 個，代號 2038.TW
開始判讀第 816 個，代號 2063.TW
開始判讀第 817 個，代號 2221.TW
開始判讀第 818 個，代號 2358.TW
開始判讀第 819 個，代號 3628.TW
開始判讀第 820 個，代號 2427.TW
開始判讀第 821 個，代號 2442.TW
開始判讀第 822 個，代號 2471.TW
開始判讀第 823 個，代號 2472.TW
開始判讀第 824 個，代號 2481.TW
開始判讀第 825 個，代號 2496.TW
開始判讀第 826 個，代號 2537.TW
開始判讀第 827 個，代號 2836.TW
開始判讀第 828 個，代號 2910.TW
開始判讀第 829 個，代號 3021.TW
開始判讀第 830 個，代號 3056.TW
開始判讀第 831 個，代號 3171.TW
開始判讀第 832 個，代號 3226.TW
開始判讀第 833 個，代號 3232.TW
開始判讀第 834 個，代號 3294.TW
開始判讀第 835 個，代號 3310.TW
開始判讀第 836 個，代號 3406.TW
開始判讀第 837 個，代號 3419.TW
開始判讀第 838 個，代號 3465.TW
開始判讀第 839 個，代號 3481.TW
開始判讀第 840 個，代號 3512.TW
開始判讀第 841 個，代號 3532.TW
開始判讀第 842 個，代號 3580.TW
開始判讀第 843 個，代號 3587.TW
開始判讀第 844 個，代號 3673.TW
開始判讀第 845 個，代號 3703.TW
開始判讀第 846 個，代號 3704.TW
開始判讀第 847 個，代號 4113.TW
開始判讀第 848 個，代號 4532.TW
開始判讀第 849 個，代號 4533.TW
開始判讀第 850 個，代號 4907.TW
開始判讀第 851 個，代號 4930.TW
開始判讀第 852 個，代號 4938.TW
開始判讀第 853 個，代號 5102.TW
開始判讀第 854 個，代號 5201.TW
開始判讀第 855 個，代號 5212.TW
開始判讀第 856 個，代號 5465.TW
開始判讀第 857 個，代號 5481.TW
開始判讀第 858 個，代號 5530.TW
開始判讀第 859 個，代號 5603.TW
開始判讀第 860 個，代號 5607.TW
開始判讀第 861 個，代號 6114.TW
開始判讀第 862 個，代號 6148.TW
開始判讀第 863 個，代號 6172.TW
開始判讀第 864 個，代號 6175.TW
開始判讀第 865 個，代號 6179.TW
開始判讀第 866 個，代號 6195.TW
開始判讀第 867 個，代號 6212.TW
開始判讀第 868 個，代號 6215.TW
開始判讀第 869 個，代號 6217.TW
開始判讀第 870 個，代號 6219.TW
開始判讀第 871 個，代號 6221.TW
開始判讀第 872 個，代號 6223.TW
開始判讀第 873 個，代號 6242.TW
開始判讀第 874 個，代號 4919.TW
開始判讀第 875 個，代號 6266.TW
開始判讀第 876 個，代號 6275.TW
開始判讀第 877 個，代號 6276.TW
開始判讀第 878 個，代號 8047.TW
開始判讀第 879 個，代號 8064.TW
開始判讀第 880 個，代號 8066.TW
開始判讀第 881 個，代號 8069.TW
開始判讀第 882 個，代號 8107.TW
開始判讀第 883 個，代號 8906.TW
開始判讀第 884 個，代號 8941.TW
開始判讀第 885 個，代號 8996.TW
開始判讀第 886 個，代號 9103.TW
開始判讀第 887 個，代號 9105.TW
開始判讀第 888 個，代號 9136.TW
開始判讀第 889 個，代號 9188.TW
開始判讀第 890 個，代號 5386.TW
開始判讀第 891 個，代號 8358.TW
開始判讀第 892 個，代號 0050.TW
開始判讀第 893 個，代號 0052.TW
開始判讀第 894 個，代號 0056.TW
開始判讀第 895 個，代號 2540.TW
開始判讀第 896 個，代號 3441.TW
開始判讀第 897 個，代號 911608.TW
開始判讀第 898 個，代號 1603.TW
開始判讀第 899 個，代號 2408.TW
開始判讀第 900 個，代號 2415.TW
開始判讀第 901 個，代號 2809.TW
開始判讀第 902 個，代號 4173.TW
開始判讀第 903 個，代號 3144.TW
開始判讀第 904 個，代號 3550.TW
開始判讀第 905 個，代號 3591.TW
開始判讀第 906 個，代號 8215.TW
開始判讀第 907 個，代號 5536.TW
開始判讀第 908 個，代號 2723.TW
開始判讀第 909 個，代號 3567.TW
開始判讀第 910 個，代號 910861.TW
開始判讀第 911 個，代號 4736.TW
開始判讀第 912 個，代號 2637.TW
開始判讀第 913 個，代號 1590.TW
開始判讀第 914 個，代號 1762.TW
開始判讀第 915 個，代號 3685.TW
開始判讀第 916 個，代號 4737.TW
開始判讀第 917 個，代號 8271.TW
開始判讀第 918 個，代號 3432.TW
開始判讀第 919 個，代號 4138.TW
開始判讀第 920 個，代號 3705.TW
開始判讀第 921 個，代號 3563.TW
開始判讀第 922 個，代號 3687.TW
開始判讀第 923 個，代號 3609.TW
開始判讀第 924 個，代號 3131.TW
開始判讀第 925 個，代號 3529.TW
開始判讀第 926 個，代號 8410.TW
開始判讀第 927 個，代號 8028.TW
開始判讀第 928 個，代號 3363.TW
開始判讀第 929 個，代號 8403.TW
開始判讀第 930 個，代號 3624.TW
開始判讀第 931 個，代號 3257.TW
開始判讀第 932 個，代號 3669.TW
開始判讀第 933 個，代號 3665.TW
開始判讀第 934 個，代號 4139.TW
開始判讀第 935 個，代號 4912.TW
開始判讀第 936 個，代號 6506.TW
開始判讀第 937 個，代號 1786.TW
開始判讀第 938 個，代號 8404.TW
開始判讀第 939 個，代號 3528.TW
開始判讀第 940 個，代號 4430.TW
開始判讀第 941 個，代號 4942.TW
開始判讀第 942 個，代號 4933.TW
開始判讀第 943 個，代號 4735.TW
開始判讀第 944 個，代號 3680.TW
開始判讀第 945 個，代號 4939.TW
開始判讀第 946 個，代號 3645.TW
開始判讀第 947 個，代號 3679.TW
開始判讀第 948 個，代號 8422.TW
開始判讀第 949 個，代號 1595.TW
開始判讀第 950 個，代號 1789.TW
開始判讀第 951 個，代號 006204.TW
開始判讀第 952 個，代號 006203.TW
開始判讀第 953 個，代號 4966.TW
開始判讀第 954 個，代號 01001T.TW
開始判讀第 955 個，代號 01002T.TW
開始判讀第 956 個，代號 01003T.TW
開始判讀第 957 個，代號 01004T.TW
開始判讀第 958 個，代號 01007T.TW
開始判讀第 959 個，代號 1312A.TW
開始判讀第 960 個，代號 2002A.TW
開始判讀第 961 個，代號 4927.TW
開始判讀第 962 個，代號 5906.TW
開始判讀第 963 個，代號 4952.TW
開始判讀第 964 個，代號 2233.TW
開始判讀第 965 個，代號 4974.TW
開始判讀第 966 個，代號 4739.TW
開始判讀第 967 個，代號 5880.TW
開始判讀第 968 個，代號 5871.TW
開始判讀第 969 個，代號 4994.TW
開始判讀第 970 個，代號 4130.TW
開始判讀第 971 個，代號 3105.TW
開始判讀第 972 個，代號 1259.TW
開始判讀第 973 個，代號 4958.TW
開始判讀第 974 個，代號 1586.TW
開始判讀第 975 個，代號 4728.TW
開始判讀第 976 個，代號 5215.TW
開始判讀第 977 個，代號 2727.TW
開始判讀第 978 個，代號 2722.TW
開始判讀第 979 個，代號 8423.TW
開始判讀第 980 個，代號 4987.TW
開始判讀第 981 個，代號 1591.TW
開始判讀第 982 個，代號 3646.TW
開始判讀第 983 個，代號 8406.TW
開始判讀第 984 個，代號 1589.TW
開始判讀第 985 個，代號 8432.TW
開始判讀第 986 個，代號 4142.TW
開始判讀第 987 個，代號 4995.TW
開始判讀第 988 個，代號 1339.TW
開始判讀第 989 個，代號 5230.TW
開始判讀第 990 個，代號 1593.TW
開始判讀第 991 個，代號 4973.TW
開始判讀第 992 個，代號 3675.TW
開始判讀第 993 個，代號 5234.TW
開始判讀第 994 個，代號 3285.TW
開始判讀第 995 個，代號 1256.TW
開始判讀第 996 個，代號 2729.TW
開始判讀第 997 個，代號 4162.TW
開始判讀第 998 個，代號 8416.TW
開始判讀第 999 個，代號 4915.TW
開始判讀第 1000 個，代號 3689.TW
開始判讀第 1001 個，代號 9802.TW
開始判讀第 1002 個，代號 4164.TW
開始判讀第 1003 個，代號 006208.TW
開始判讀第 1004 個，代號 2640.TW
開始判讀第 1005 個，代號 4163.TW
開始判讀第 1006 個，代號 3663.TW
開始判讀第 1007 個，代號 5269.TW
開始判讀第 1008 個，代號 2923.TW
開始判讀第 1009 個，代號 3163.TW
開始判讀第 1010 個，代號 8424.TW
開始判讀第 1011 個，代號 8155.TW
開始判讀第 1012 個，代號 2867.TW
開始判讀第 1013 個，代號 8433.TW
開始判讀第 1014 個，代號 1338.TW
開始判讀第 1015 個，代號 1599.TW
開始判讀第 1016 個，代號 8435.TW
開始判讀第 1017 個，代號 1597.TW
開始判讀第 1018 個，代號 4745.TW
開始判讀第 1019 個，代號 2926.TW
開始判讀第 1020 個，代號 5864.TW
開始判讀第 1021 個，代號 3583.TW
開始判讀第 1022 個，代號 1626.TW
開始判讀第 1023 個，代號 3357.TW
開始判讀第 1024 個，代號 1783.TW
開始判讀第 1025 個，代號 2230.TW
開始判讀第 1026 個，代號 1760.TW
開始判讀第 1027 個，代號 8147.TW
開始判讀第 1028 個，代號 5274.TW
開始判讀第 1029 個，代號 3594.TW
開始判讀第 1030 個，代號 4153.TW
開始判讀第 1031 個，代號 4999.TW
開始判讀第 1032 個，代號 5278.TW
開始判讀第 1033 個，代號 4972.TW
開始判讀第 1034 個，代號 4161.TW
開始判讀第 1035 個，代號 4971.TW
開始判讀第 1036 個，代號 8436.TW
開始判讀第 1037 個，代號 2066.TW
開始判讀第 1038 個，代號 4536.TW
開始判讀第 1039 個，代號 3167.TW
開始判讀第 1040 個，代號 1817.TW
開始判讀第 1041 個，代號 6412.TW
開始判讀第 1042 個，代號 4916.TW
開始判讀第 1043 個，代號 5243.TW
開始判讀第 1044 個，代號 2228.TW
開始判讀第 1045 個，代號 5289.TW
開始判讀第 1046 個，代號 4755.TW
開始判讀第 1047 個，代號 4137.TW
開始判讀第 1048 個，代號 3693.TW
開始判讀第 1049 個，代號 6405.TW
開始判讀第 1050 個，代號 3564.TW
開始判讀第 1051 個，代號 2712.TW
開始判讀第 1052 個，代號 6415.TW
開始判讀第 1053 個，代號 2642.TW
開始判讀第 1054 個，代號 3338.TW
開始判讀第 1055 個，代號 5538.TW
開始判讀第 1056 個，代號 8446.TW
開始判讀第 1057 個，代號 4747.TW
開始判讀第 1058 個，代號 2115.TW
開始判讀第 1059 個，代號 3558.TW
開始判讀第 1060 個，代號 4953.TW
開始判讀第 1061 個，代號 5287.TW
開始判讀第 1062 個，代號 5285.TW
開始判讀第 1063 個，代號 6411.TW
開始判讀第 1064 個，代號 3141.TW
開始判讀第 1065 個，代號 4977.TW
開始判讀第 1066 個，代號 3706.TW
開始判讀第 1067 個，代號 6414.TW
開始判讀第 1068 個，代號 3684.TW
開始判讀第 1069 個，代號 6409.TW
開始判讀第 1070 個，代號 8150.TW
開始判讀第 1071 個，代號 8454.TW
開始判讀第 1072 個，代號 4175.TW
開始判讀第 1073 個，代號 1568.TW
開始判讀第 1074 個，代號 8341.TW
開始判讀第 1075 個，代號 4541.TW
開始判讀第 1076 個，代號 4171.TW
開始判讀第 1077 個，代號 6432.TW
開始判讀第 1078 個，代號 3581.TW
開始判讀第 1079 個，代號 2634.TW
開始判讀第 1080 個，代號 4542.TW
開始判讀第 1081 個，代號 3272.TW
開始判讀第 1082 個，代號 8443.TW
開始判讀第 1083 個，代號 5288.TW
開始判讀第 1084 個，代號 5284.TW
開始判讀第 1085 個，代號 5878.TW
開始判讀第 1086 個，代號 3661.TW
開始判讀第 1087 個，代號 4433.TW
開始判讀第 1088 個，代號 8420.TW
開始判讀第 1089 個，代號 4549.TW
開始判讀第 1090 個，代號 3666.TW
開始判讀第 1091 個，代號 6449.TW
開始判讀第 1092 個，代號 2235.TW
開始判讀第 1093 個，代號 6426.TW
開始判讀第 1094 個，代號 5291.TW
開始判讀第 1095 個，代號 2726.TW
開始判讀第 1096 個，代號 2064.TW
開始判讀第 1097 個，代號 2732.TW
開始判讀第 1098 個，代號 6451.TW
開始判讀第 1099 個，代號 4550.TW
開始判讀第 1100 個，代號 3672.TW
開始判讀第 1101 個，代號 5876.TW
開始判讀第 1102 個，代號 8431.TW
開始判讀第 1103 個，代號 3374.TW
開始判讀第 1104 個，代號 1264.TW
開始判讀第 1105 個，代號 4155.TW
開始判讀第 1106 個，代號 8437.TW
開始判讀第 1107 個，代號 3492.TW
開始判讀第 1108 個，代號 5245.TW
開始判讀第 1109 個，代號 2633.TW
開始判讀第 1110 個，代號 1796.TW
開始判讀第 1111 個，代號 2236.TW
開始判讀第 1112 個，代號 8027.TW
開始判讀第 1113 個，代號 6457.TW
開始判讀第 1114 個，代號 6456.TW
開始判讀第 1115 個，代號 8463.TW
開始判讀第 1116 個，代號 6442.TW
開始判讀第 1117 個，代號 3081.TW
開始判讀第 1118 個，代號 3413.TW
開始判讀第 1119 個，代號 4551.TW
開始判讀第 1120 個，代號 4167.TW
開始判讀第 1121 個，代號 6488.TW
開始判讀第 1122 個，代號 6417.TW
開始判讀第 1123 個，代號 4557.TW
開始判讀第 1124 個，代號 4190.TW
開始判讀第 1125 個，代號 4555.TW
開始判讀第 1126 個，代號 6470.TW
開始判讀第 1127 個，代號 4763.TW
開始判讀第 1128 個，代號 4968.TW
開始判讀第 1129 個，代號 6485.TW
開始判讀第 1130 個，代號 8467.TW
開始判讀第 1131 個，代號 6464.TW
開始判讀第 1132 個，代號 4116.TW
開始判讀第 1133 個，代號 4556.TW
開始判讀第 1134 個，代號 8464.TW
開始判讀第 1135 個，代號 6462.TW
開始判讀第 1136 個，代號 7402.TW
開始判讀第 1137 個，代號 4545.TW
開始判讀第 1138 個，代號 2736.TW
開始判讀第 1139 個，代號 6435.TW
開始判讀第 1140 個，代號 6496.TW
開始判讀第 1141 個，代號 8472.TW
開始判讀第 1142 個，代號 2239.TW
開始判讀第 1143 個，代號 6026.TW
開始判讀第 1144 個，代號 6514.TW
開始判讀第 1145 個，代號 2643.TW
開始判讀第 1146 個，代號 8462.TW
開始判讀第 1147 個，代號 2069.TW
開始判讀第 1148 個，代號 6510.TW
開始判讀第 1149 個，代號 5281.TW
開始判讀第 1150 個，代號 6469.TW
開始判讀第 1151 個，代號 6525.TW
開始判讀第 1152 個，代號 6494.TW
開始判讀第 1153 個，代號 5543.TW
開始判讀第 1154 個，代號 6531.TW
開始判讀第 1155 個，代號 6523.TW
開始判讀第 1156 個，代號 6477.TW
開始判讀第 1157 個，代號 4552.TW
開始判讀第 1158 個，代號 6499.TW
開始判讀第 1159 個，代號 4554.TW
開始判讀第 1160 個，代號 8415.TW
開始判讀第 1161 個，代號 8473.TW
開始判讀第 1162 個，代號 6486.TW
開始判讀第 1163 個，代號 6548.TW
開始判讀第 1164 個，代號 1598.TW
開始判讀第 1165 個，代號 8279.TW
開始判讀第 1166 個，代號 6532.TW
開始判讀第 1167 個，代號 4754.TW
開始判讀第 1168 個，代號 6588.TW
開始判讀第 1169 個，代號 4438.TW
開始判讀第 1170 個，代號 6538.TW
開始判讀第 1171 個，代號 8477.TW
開始判讀第 1172 個，代號 8466.TW
開始判讀第 1173 個，代號 4943.TW
開始判讀第 1174 個，代號 2748.TW
開始判讀第 1175 個，代號 8488.TW
開始判讀第 1176 個，代號 3346.TW
開始判讀第 1177 個，代號 6569.TW
開始判讀第 1178 個，代號 3426.TW
開始判讀第 1179 個，代號 6568.TW
開始判讀第 1180 個，代號 5258.TW
開始判讀第 1181 個，代號 3708.TW
開始判讀第 1182 個，代號 6552.TW
開始判讀第 1183 個，代號 8480.TW
開始判讀第 1184 個，代號 6560.TW
開始判讀第 1185 個，代號 8481.TW
開始判讀第 1186 個，代號 4183.TW
開始判讀第 1187 個，代號 4807.TW
開始判讀第 1188 個，代號 6533.TW
開始判讀第 1189 個，代號 6577.TW
開始判讀第 1190 個，代號 4760.TW
開始判讀第 1191 個，代號 6472.TW
開始判讀第 1192 個，代號 2065.TW
開始判讀第 1193 個，代號 6438.TW
開始判讀第 1194 個，代號 8489.TW
開始判讀第 1195 個，代號 6594.TW
開始判讀第 1196 個，代號 2937.TW
開始判讀第 1197 個，代號 4148.TW
開始判讀第 1198 個，代號 6582.TW
開始判讀第 1199 個，代號 00692.TW
開始判讀第 1200 個，代號 6579.TW
開始判讀第 1201 個，代號 8342.TW
開始判讀第 1202 個，代號 6574.TW
開始判讀第 1203 個，代號 4741.TW
開始判讀第 1204 個，代號 6441.TW
開始判讀第 1205 個，代號 1268.TW
開始判讀第 1206 個，代號 8499.TW
開始判讀第 1207 個，代號 8478.TW
開始判讀第 1208 個，代號 6570.TW
開始判讀第 1209 個，代號 6591.TW
開始判讀第 1210 個，代號 6613.TW
開始判讀第 1211 個，代號 4764.TW
開始判讀第 1212 個，代號 6596.TW
開始判讀第 1213 個，代號 6616.TW
開始判讀第 1214 個，代號 2939.TW
開始判讀第 1215 個，代號 6615.TW
開始判讀第 1216 個，代號 5299.TW
開始判讀第 1217 個，代號 6530.TW
開始判讀第 1218 個，代號 6581.TW
開始判讀第 1219 個，代號 4566.TW
開始判讀第 1220 個，代號 8440.TW
開始判讀第 1221 個，代號 6664.TW
開始判讀第 1222 個，代號 1587.TW
開始判讀第 1223 個，代號 6416.TW
開始判讀第 1224 個，代號 6556.TW
開始判讀第 1225 個，代號 6593.TW
開始判讀第 1226 個，代號 2882A.TW
開始判讀第 1227 個，代號 2887E.TW
開始判讀第 1228 個，代號 2838A.TW
開始判讀第 1229 個，代號 2881A.TW
開始判讀第 1230 個，代號 2881B.TW
開始判讀第 1231 個，代號 2891B.TW
開始判讀第 1232 個，代號 00701.TW
開始判讀第 1233 個，代號 00702.TW
開始判讀第 1234 個，代號 00712.TW
開始判讀第 1235 個，代號 00714.TW
開始判讀第 1236 個，代號 00717.TW
開始判讀第 1237 個，代號 00728.TW
開始判讀第 1238 個，代號 00730.TW
開始判讀第 1239 個，代號 3709.TW
開始判讀第 1240 個，代號 5220.TW
開始判讀第 1241 個，代號 3711.TW
開始判讀第 1242 個，代號 6288.TW
開始判讀第 1243 個，代號 3147.TW
開始判讀第 1244 個，代號 6561.TW
開始判讀第 1245 個，代號 4561.TW
開始判讀第 1246 個，代號 4989.TW
開始判讀第 1247 個，代號 5223.TW
開始判讀第 1248 個，代號 4744.TW
開始判讀第 1249 個，代號 3530.TW
開始判讀第 1250 個，代號 6612.TW
開始判讀第 1251 個，代號 1240.TW
開始判讀第 1252 個，代號 8482.TW
開始判讀第 1253 個，代號 4540.TW
開始判讀第 1254 個，代號 8367.TW
開始判讀第 1255 個，代號 6578.TW
開始判讀第 1256 個，代號 6641.TW
開始判讀第 1257 個，代號 4568.TW
開始判讀第 1258 個，代號 4961.TW
開始判讀第 1259 個，代號 6654.TW
開始判讀第 1260 個，代號 6640.TW
開始判讀第 1261 個，代號 4767.TW
開始判讀第 1262 個，代號 6667.TW
開始判讀第 1263 個，代號 3178.TW
開始判讀第 1264 個，代號 6666.TW
開始判讀第 1265 個，代號 6674.TW
開始判讀第 1266 個，代號 4766.TW
開始判讀第 1267 個，代號 6655.TW
開始判讀第 1268 個，代號 6558.TW
開始判讀第 1269 個，代號 6671.TW
開始判讀第 1270 個，代號 6668.TW
開始判讀第 1271 個，代號 01010T.TW
開始判讀第 1272 個，代號 01009T.TW
開始判讀第 1273 個，代號 00736.TW
開始判讀第 1274 個，代號 00735.TW
開始判讀第 1275 個，代號 00733.TW
開始判讀第 1276 個，代號 00711B.TW
開始判讀第 1277 個，代號 00710B.TW
開始判讀第 1278 個，代號 2070.TW
開始判讀第 1279 個，代號 6670.TW
開始判讀第 1280 個，代號 1341.TW
開始判讀第 1281 個，代號 6590.TW
開始判讀第 1282 個，代號 4967.TW
開始判讀第 1283 個，代號 4538.TW
開始判讀第 1284 個，代號 8104.TW
開始判讀第 1285 個，代號 6425.TW
開始判讀第 1286 個，代號 6643.TW
開始判讀第 1287 個，代號 00770.TW
開始判讀第 1288 個，代號 1101B.TW
開始判讀第 1289 個，代號 6418.TW
開始判讀第 1290 個，代號 4564.TW
開始判讀第 1291 個，代號 6662.TW
開始判讀第 1292 個，代號 6669.TW
開始判讀第 1293 個，代號 6703.TW
開始判讀第 1294 個，代號 6672.TW
開始判讀第 1295 個，代號 6683.TW
開始判讀第 1296 個，代號 4576.TW
開始判讀第 1297 個，代號 6516.TW
開始判讀第 1298 個，代號 6679.TW
開始判讀第 1299 個，代號 5283.TW
開始判讀第 1300 個，代號 6629.TW
開始判讀第 1301 個，代號 00771.TW
開始判讀第 1302 個，代號 00726B.TW
開始判讀第 1303 個，代號 00727B.TW
開始判讀第 1304 個，代號 4572.TW
開始判讀第 1305 個，代號 6680.TW
開始判讀第 1306 個，代號 4931.TW
開始判讀第 1307 個，代號 4571.TW
開始判讀第 1308 個，代號 6642.TW
開始判讀第 1309 個，代號 2752.TW
開始判讀第 1310 個，代號 6491.TW
開始判讀第 1311 個，代號 6690.TW
開始判讀第 1312 個，代號 6698.TW
開始判讀第 1313 個，代號 4439.TW
開始判讀第 1314 個，代號 6592.TW
開始判讀第 1315 個，代號 6715.TW
開始判讀第 1316 個，代號 6706.TW
開始判讀第 1317 個，代號 6527.TW
開始判讀第 1318 個，代號 6697.TW
開始判讀第 1319 個，代號 4580.TW
開始判讀第 1320 個，代號 3597.TW
開始判讀第 1321 個，代號 4581.TW
開始判讀第 1322 個，代號 6716.TW
開始判讀第 1323 個，代號 3543.TW
開始判讀第 1324 個，代號 8284.TW
開始判讀第 1325 個，代號 5546.TW
開始判讀第 1326 個，代號 6754.TW
開始判讀第 1327 個，代號 2241.TW
開始判讀第 1328 個，代號 2754.TW
開始判讀第 1329 個，代號 2247.TW
開始判讀第 1330 個，代號 7556.TW
開始判讀第 1331 個，代號 4945.TW
開始判讀第 1332 個，代號 1342.TW
開始判讀第 1333 個，代號 6727.TW
開始判讀第 1334 個，代號 6752.TW
開始判讀第 1335 個，代號 3138.TW
開始判讀第 1336 個，代號 6743.TW
開始判讀第 1337 個，代號 2755.TW
開始判讀第 1338 個，代號 6762.TW
開始判讀第 1339 個，代號 6756.TW
開始判讀第 1340 個，代號 6751.TW
開始判讀第 1341 個，代號 6728.TW
開始判讀第 1342 個，代號 6747.TW
開始判讀第 1343 個，代號 6515.TW
開始判讀第 1344 個，代號 6661.TW
開始判讀第 1345 個，代號 6651.TW
開始判讀第 1346 個，代號 6781.TW
開始判讀第 1347 個，代號 6776.TW
開始判讀第 1348 個，代號 8089.TW
開始判讀第 1349 個，代號 2211.TW
開始判讀第 1350 個，代號 6768.TW
開始判讀第 1351 個，代號 2947.TW
開始判讀第 1352 個，代號 6732.TW
開始判讀第 1353 個，代號 2250.TW
開始判讀第 1354 個，代號 5236.TW
開始判讀第 1355 個，代號 2753.TW
開始判讀第 1356 個，代號 6790.TW
開始判讀第 1357 個，代號 6788.TW
2021-11-04 12:56:34.050549 重組欄位
2021-11-04 12:56:34.068088 寫入資料庫
2021-11-04 12:56:35.279388 排程完成
